This is pdfTeX, Version 3.14159265-2.6-1.40.19 (TeX Live 2019/dev/Debian) (preloaded format=pdflatex 2020.4.6)  12 APR 2020 16:46
entering extended mode
 restricted \write18 enabled.
 %&-line parsing enabled.
**main.tex
(./main.tex
LaTeX2e <2018-12-01>
(./MastersDoctoralThesis.cls
Document Class: MastersDoctoralThesis 2016/11/22 v1.5 LaTeXTemplates.com
(/usr/share/texlive/texmf-dist/tex/latex/etoolbox/etoolbox.sty
Package: etoolbox 2018/08/19 v2.5f e-TeX tools for LaTeX (JAW)
\etb@tempcnta=\count80
)
(/usr/share/texlive/texmf-dist/tex/latex/l3packages/xparse/xparse.sty
(/usr/share/texlive/texmf-dist/tex/latex/l3kernel/expl3.sty
Package: expl3 2019-02-15 L3 programming layer (loader) 

(/usr/share/texlive/texmf-dist/tex/latex/l3kernel/expl3-code.tex
Package: expl3 2019-02-15 L3 programming layer (code)
\c_max_int=\count81
\l_tmpa_int=\count82
\l_tmpb_int=\count83
\g_tmpa_int=\count84
\g_tmpb_int=\count85
\g__kernel_prg_map_int=\count86
\c_log_iow=\count87
\l_iow_line_count_int=\count88
\l__iow_line_target_int=\count89
\l__iow_one_indent_int=\count90
\l__iow_indent_int=\count91
\c_zero_dim=\dimen102
\c_max_dim=\dimen103
\l_tmpa_dim=\dimen104
\l_tmpb_dim=\dimen105
\g_tmpa_dim=\dimen106
\g_tmpb_dim=\dimen107
\c_zero_skip=\skip41
\c_max_skip=\skip42
\l_tmpa_skip=\skip43
\l_tmpb_skip=\skip44
\g_tmpa_skip=\skip45
\g_tmpb_skip=\skip46
\c_zero_muskip=\muskip10
\c_max_muskip=\muskip11
\l_tmpa_muskip=\muskip12
\l_tmpb_muskip=\muskip13
\g_tmpa_muskip=\muskip14
\g_tmpb_muskip=\muskip15
\l_keys_choice_int=\count92
\l__intarray_loop_int=\count93
\c__intarray_sp_dim=\dimen108
\g__intarray_font_int=\count94
\c__fp_leading_shift_int=\count95
\c__fp_middle_shift_int=\count96
\c__fp_trailing_shift_int=\count97
\c__fp_big_leading_shift_int=\count98
\c__fp_big_middle_shift_int=\count99
\c__fp_big_trailing_shift_int=\count100
\c__fp_Bigg_leading_shift_int=\count101
\c__fp_Bigg_middle_shift_int=\count102
\c__fp_Bigg_trailing_shift_int=\count103
\c__kernel_randint_max_int=\count104
\g__fp_array_int=\count105
\l__fp_array_loop_int=\count106
\l__sort_length_int=\count107
\l__sort_min_int=\count108
\l__sort_top_int=\count109
\l__sort_max_int=\count110
\l__sort_true_max_int=\count111
\l__sort_block_int=\count112
\l__sort_begin_int=\count113
\l__sort_end_int=\count114
\l__sort_A_int=\count115
\l__sort_B_int=\count116
\l__sort_C_int=\count117
\l__tl_analysis_normal_int=\count118
\l__tl_analysis_index_int=\count119
\l__tl_analysis_nesting_int=\count120
\l__tl_analysis_type_int=\count121
\l__regex_internal_a_int=\count122
\l__regex_internal_b_int=\count123
\l__regex_internal_c_int=\count124
\l__regex_balance_int=\count125
\l__regex_group_level_int=\count126
\l__regex_mode_int=\count127
\c__regex_cs_in_class_mode_int=\count128
\c__regex_cs_mode_int=\count129
\l__regex_catcodes_int=\count130
\l__regex_default_catcodes_int=\count131
\c__regex_catcode_D_int=\count132
\c__regex_catcode_S_int=\count133
\c__regex_catcode_L_int=\count134
\c__regex_catcode_O_int=\count135
\c__regex_catcode_A_int=\count136
\c__regex_all_catcodes_int=\count137
\l__regex_show_lines_int=\count138
\l__regex_min_state_int=\count139
\l__regex_max_state_int=\count140
\l__regex_left_state_int=\count141
\l__regex_right_state_int=\count142
\l__regex_capturing_group_int=\count143
\l__regex_min_pos_int=\count144
\l__regex_max_pos_int=\count145
\l__regex_curr_pos_int=\count146
\l__regex_start_pos_int=\count147
\l__regex_success_pos_int=\count148
\l__regex_curr_char_int=\count149
\l__regex_curr_catcode_int=\count150
\l__regex_last_char_int=\count151
\l__regex_case_changed_char_int=\count152
\l__regex_curr_state_int=\count153
\l__regex_step_int=\count154
\l__regex_min_active_int=\count155
\l__regex_max_active_int=\count156
\l__regex_replacement_csnames_int=\count157
\l__regex_match_count_int=\count158
\l__regex_min_submatch_int=\count159
\l__regex_submatch_int=\count160
\l__regex_zeroth_submatch_int=\count161
\g__regex_trace_regex_int=\count162
\c_empty_box=\box27
\l_tmpa_box=\box28
\l_tmpb_box=\box29
\g_tmpa_box=\box30
\g_tmpb_box=\box31
\l__box_top_dim=\dimen109
\l__box_bottom_dim=\dimen110
\l__box_left_dim=\dimen111
\l__box_right_dim=\dimen112
\l__box_top_new_dim=\dimen113
\l__box_bottom_new_dim=\dimen114
\l__box_left_new_dim=\dimen115
\l__box_right_new_dim=\dimen116
\l__box_internal_box=\box32
\l__coffin_internal_box=\box33
\l__coffin_internal_dim=\dimen117
\l__coffin_offset_x_dim=\dimen118
\l__coffin_offset_y_dim=\dimen119
\l__coffin_x_dim=\dimen120
\l__coffin_y_dim=\dimen121
\l__coffin_x_prime_dim=\dimen122
\l__coffin_y_prime_dim=\dimen123
\c_empty_coffin=\box34
\l__coffin_aligned_coffin=\box35
\l__coffin_aligned_internal_coffin=\box36
\l_tmpa_coffin=\box37
\l_tmpb_coffin=\box38
\g_tmpa_coffin=\box39
\g_tmpb_coffin=\box40
\c__coffin_empty_coffin=\box41
\l__coffin_display_coffin=\box42
\l__coffin_display_coord_coffin=\box43
\l__coffin_display_pole_coffin=\box44
\l__coffin_display_offset_dim=\dimen124
\l__coffin_display_x_dim=\dimen125
\l__coffin_display_y_dim=\dimen126
\g__file_internal_ior=\read1
\l__coffin_bounding_shift_dim=\dimen127
\l__coffin_left_corner_dim=\dimen128
\l__coffin_right_corner_dim=\dimen129
\l__coffin_bottom_corner_dim=\dimen130
\l__coffin_top_corner_dim=\dimen131
\l__coffin_scaled_total_height_dim=\dimen132
\l__coffin_scaled_width_dim=\dimen133
\l__seq_internal_a_int=\count163
\l__seq_internal_b_int=\count164
)
(/usr/share/texlive/texmf-dist/tex/latex/l3kernel/l3pdfmode.def
File: l3pdfmode.def 2019-02-15 v L3 Experimental driver: PDF mode
\l__driver_color_stack_int=\count165
))
Package: xparse 2018-10-17 L3 Experimental document command parser
\l__xparse_current_arg_int=\count166
\g__xparse_grabber_int=\count167
\l__xparse_m_args_int=\count168
\l__xparse_mandatory_args_int=\count169
\l__xparse_v_nesting_int=\count170
)
(/usr/share/texlive/texmf-dist/tex/latex/base/book.cls
Document Class: book 2018/09/03 v1.4i Standard LaTeX document class
(/usr/share/texlive/texmf-dist/tex/latex/base/bk11.clo
File: bk11.clo 2018/09/03 v1.4i Standard LaTeX file (size option)
)
\c@part=\count171
\c@chapter=\count172
\c@section=\count173
\c@subsection=\count174
\c@subsubsection=\count175
\c@paragraph=\count176
\c@subparagraph=\count177
\c@figure=\count178
\c@table=\count179
\abovecaptionskip=\skip47
\belowcaptionskip=\skip48
\bibindent=\dimen134
)
(/usr/share/texlive/texmf-dist/tex/generic/babel/babel.sty
Package: babel 2018/11/13 3.27 The Babel package

(/usr/share/texlive/texmf-dist/tex/generic/babel/switch.def
File: switch.def 2018/11/13 3.27 Babel switching mechanism
)
Package babel Info: You haven't specified a language. I'll use 'nil'
(babel)             as the main language. Reported on input line 499.

(/usr/share/texlive/texmf-dist/tex/generic/babel/nil.ldf
Language: nil 2018/11/13 3.27 Nil language

(/usr/share/texlive/texmf-dist/tex/generic/babel/babel.def
File: babel.def 2018/11/13 3.27 Babel common definitions
\babel@savecnt=\count180
\U@D=\dimen135

(/usr/share/texlive/texmf-dist/tex/generic/babel/txtbabel.def)
\bbl@dirlevel=\count181
)))
(/usr/share/texlive/texmf-dist/tex/latex/koma-script/scrbase.sty
Package: scrbase 2019/02/01 v3.26b KOMA-Script package (KOMA-Script-independent
 basics and keyval usage)

(/usr/share/texlive/texmf-dist/tex/latex/graphics/keyval.sty
Package: keyval 2014/10/28 v1.15 key=value parser (DPC)
\KV@toks@=\toks14
)
(/usr/share/texlive/texmf-dist/tex/latex/koma-script/scrlfile.sty
Package: scrlfile 2019/02/01 v3.26b KOMA-Script package (loading files)
))
(/usr/share/texlive/texmf-dist/tex/latex/koma-script/scrhack.sty
Package: scrhack 2019/02/01 v3.26b KOMA-Script package 

(/usr/share/texlive/texmf-dist/tex/latex/koma-script/scrkbase.sty
Package: scrkbase 2019/02/01 v3.26b KOMA-Script package (KOMA-Script-dependent 
basics and keyval usage)
)
(/usr/share/texlive/texmf-dist/tex/latex/xpatch/xpatch.sty
Package: xpatch 2012/10/02 v0.3 Extending etoolbox patching commands
))
(/usr/share/texlive/texmf-dist/tex/latex/setspace/setspace.sty
Package: setspace 2011/12/19 v6.7a set line spacing
)
Package scrhack Info: loading setspace hack on input line 191.

(/usr/share/texlive/texmf-dist/tex/latex/koma-script/setspace.hak
File: setspace.hak 2019/02/01 v3.26b KOMA-Script package (hacking package setsp
ace)
)
(/usr/share/texlive/texmf-dist/tex/latex/tools/longtable.sty
Package: longtable 2014/10/28 v4.11 Multi-page Table package (DPC)+ FMi change
\LTleft=\skip49
\LTright=\skip50
\LTpre=\skip51
\LTpost=\skip52
\LTchunksize=\count182
\LTcapwidth=\dimen136
\LT@head=\box45
\LT@firsthead=\box46
\LT@foot=\box47
\LT@lastfoot=\box48
\LT@cols=\count183
\LT@rows=\count184
\c@LT@tables=\count185
\c@LT@chunks=\count186
\LT@p@ftn=\toks15
)
(/usr/share/texlive/texmf-dist/tex/latex/siunitx/siunitx.sty
Package: siunitx 2018/05/17 v2.7s A comprehensive (SI) units package

(/usr/share/texlive/texmf-dist/tex/latex/amsmath/amstext.sty
Package: amstext 2000/06/29 v2.01 AMS text

(/usr/share/texlive/texmf-dist/tex/latex/amsmath/amsgen.sty
File: amsgen.sty 1999/11/30 v2.0 generic functions
\@emptytoks=\toks16
\ex@=\dimen137
))
(/usr/share/texlive/texmf-dist/tex/latex/tools/array.sty
Package: array 2018/12/30 v2.4k Tabular extension package (FMi)
\col@sep=\dimen138
\ar@mcellbox=\box49
\extrarowheight=\dimen139
\NC@list=\toks17
\extratabsurround=\skip53
\backup@length=\skip54
\ar@cellbox=\box50
)
(/usr/share/texlive/texmf-dist/tex/latex/l3packages/l3keys2e/l3keys2e.sty
Package: l3keys2e 2018-10-17 LaTeX2e option processing using LaTeX3 keys
)
\l__siunitx_tmp_box=\box51
\l__siunitx_tmp_dim=\dimen140
\l__siunitx_tmp_int=\count187
\l__siunitx_number_mantissa_length_int=\count188
\l__siunitx_number_uncert_length_int=\count189
\l__siunitx_round_int=\count190
\l__siunitx_process_decimal_int=\count191
\l__siunitx_process_uncertainty_int=\count192
\l__siunitx_process_fixed_int=\count193
\l__siunitx_process_integer_min_int=\count194
\l__siunitx_process_precision_int=\count195
\l__siunitx_group_min_int=\count196
\l__siunitx_angle_marker_box=\box52
\l__siunitx_angle_unit_box=\box53
\l__siunitx_angle_marker_dim=\dimen141
\l__siunitx_angle_unit_dim=\dimen142
\l__siunitx_unit_int=\count197
\l__siunitx_unit_denominator_int=\count198
\l__siunitx_unit_numerator_int=\count199
\l__siunitx_unit_prefix_int=\count266
\l__siunitx_unit_prefix_base_int=\count267
\l__siunitx_unit_prefix_gram_int=\count268
\l__siunitx_number_product_int=\count269
\c__siunitx_one_fill_skip=\skip55
\l__siunitx_table_unit_align_skip=\skip56
\l__siunitx_table_exponent_dim=\dimen143
\l__siunitx_table_integer_dim=\dimen144
\l__siunitx_table_mantissa_dim=\dimen145
\l__siunitx_table_marker_dim=\dimen146
\l__siunitx_table_result_dim=\dimen147
\l__siunitx_table_uncert_dim=\dimen148
\l__siunitx_table_fill_pre_dim=\dimen149
\l__siunitx_table_fill_post_dim=\dimen150
\l__siunitx_table_fill_mid_dim=\dimen151
\l__siunitx_table_pre_box=\box54
\l__siunitx_table_post_box=\box55
\l__siunitx_table_mantissa_box=\box56
\l__siunitx_table_result_box=\box57
\l__siunitx_table_number_align_skip=\skip57
\l__siunitx_table_text_align_skip=\skip58

(/usr/share/texlive/texmf-dist/tex/latex/translator/translator.sty
Package: translator 2018/01/04 v1.12 Easy translation of strings in LaTeX
))
(/usr/share/texlive/texmf-dist/tex/latex/graphics/graphicx.sty
Package: graphicx 2017/06/01 v1.1a Enhanced LaTeX Graphics (DPC,SPQR)

(/usr/share/texlive/texmf-dist/tex/latex/graphics/graphics.sty
Package: graphics 2017/06/25 v1.2c Standard LaTeX Graphics (DPC,SPQR)

(/usr/share/texlive/texmf-dist/tex/latex/graphics/trig.sty
Package: trig 2016/01/03 v1.10 sin cos tan (DPC)
)
(/usr/share/texlive/texmf-dist/tex/latex/graphics-cfg/graphics.cfg
File: graphics.cfg 2016/06/04 v1.11 sample graphics configuration
)
Package graphics Info: Driver file: pdftex.def on input line 99.

(/usr/share/texlive/texmf-dist/tex/latex/graphics-def/pdftex.def
File: pdftex.def 2018/01/08 v1.0l Graphics/color driver for pdftex
))
\Gin@req@height=\dimen152
\Gin@req@width=\dimen153
)
(/usr/share/texlive/texmf-dist/tex/latex/booktabs/booktabs.sty
Package: booktabs 2016/04/27 v1.618033 publication quality tables
\heavyrulewidth=\dimen154
\lightrulewidth=\dimen155
\cmidrulewidth=\dimen156
\belowrulesep=\dimen157
\belowbottomsep=\dimen158
\aboverulesep=\dimen159
\abovetopsep=\dimen160
\cmidrulesep=\dimen161
\cmidrulekern=\dimen162
\defaultaddspace=\dimen163
\@cmidla=\count270
\@cmidlb=\count271
\@aboverulesep=\dimen164
\@belowrulesep=\dimen165
\@thisruleclass=\count272
\@lastruleclass=\count273
\@thisrulewidth=\dimen166
)
(/usr/share/texlive/texmf-dist/tex/latex/caption/caption.sty
Package: caption 2018/10/06 v3.3-154 Customizing captions (AR)

(/usr/share/texlive/texmf-dist/tex/latex/caption/caption3.sty
Package: caption3 2018/09/12 v1.8c caption3 kernel (AR)
Package caption3 Info: TeX engine: e-TeX on input line 64.
\captionmargin=\dimen167
\captionmargin@=\dimen168
\captionwidth=\dimen169
\caption@tempdima=\dimen170
\caption@indent=\dimen171
\caption@parindent=\dimen172
\caption@hangindent=\dimen173
)
\c@caption@flags=\count274
\c@ContinuedFloat=\count275
Package caption Info: longtable package is loaded.

(/usr/share/texlive/texmf-dist/tex/latex/caption/ltcaption.sty
Package: ltcaption 2018/08/26 v1.4-95 longtable captions (AR)
))
(/usr/share/texlive/texmf-dist/tex/latex/xcolor/xcolor.sty
Package: xcolor 2016/05/11 v2.12 LaTeX color extensions (UK)

(/usr/share/texlive/texmf-dist/tex/latex/graphics-cfg/color.cfg
File: color.cfg 2016/01/02 v1.6 sample color configuration
)
Package xcolor Info: Driver file: pdftex.def on input line 225.
Package xcolor Info: Model `cmy' substituted by `cmy0' on input line 1348.
Package xcolor Info: Model `hsb' substituted by `rgb' on input line 1352.
Package xcolor Info: Model `RGB' extended on input line 1364.
Package xcolor Info: Model `HTML' substituted by `rgb' on input line 1366.
Package xcolor Info: Model `Hsb' substituted by `hsb' on input line 1367.
Package xcolor Info: Model `tHsb' substituted by `hsb' on input line 1368.
Package xcolor Info: Model `HSB' substituted by `hsb' on input line 1369.
Package xcolor Info: Model `Gray' substituted by `gray' on input line 1370.
Package xcolor Info: Model `wave' substituted by `hsb' on input line 1371.
)
(/usr/share/texlive/texmf-dist/tex/latex/geometry/geometry.sty
Package: geometry 2018/04/16 v5.8 Page Geometry

(/usr/share/texlive/texmf-dist/tex/generic/oberdiek/ifpdf.sty
Package: ifpdf 2018/09/07 v3.3 Provides the ifpdf switch
)
(/usr/share/texlive/texmf-dist/tex/generic/oberdiek/ifvtex.sty
Package: ifvtex 2016/05/16 v1.6 Detect VTeX and its facilities (HO)
Package ifvtex Info: VTeX not detected.
)
(/usr/share/texlive/texmf-dist/tex/generic/ifxetex/ifxetex.sty
Package: ifxetex 2010/09/12 v0.6 Provides ifxetex conditional
)
\Gm@cnth=\count276
\Gm@cntv=\count277
\c@Gm@tempcnt=\count278
\Gm@bindingoffset=\dimen174
\Gm@wd@mp=\dimen175
\Gm@odd@mp=\dimen176
\Gm@even@mp=\dimen177
\Gm@layoutwidth=\dimen178
\Gm@layoutheight=\dimen179
\Gm@layouthoffset=\dimen180
\Gm@layoutvoffset=\dimen181
\Gm@dimlist=\toks18
)
(/usr/share/texlive/texmf-dist/tex/latex/koma-script/scrlayer-scrpage.sty
Package: scrlayer-scrpage 2019/02/01 v3.26b KOMA-Script package (end user inter
face for scrlayer)

(/usr/share/texlive/texmf-dist/tex/latex/koma-script/scrlayer.sty
Package: scrlayer 2019/02/01 v3.26b KOMA-Script package (defining layers and pa
ge styles)
\footheight=\skip59
Package scrlayer Info: patching LaTeX kernel macro \pagestyle on input line 208
3.
)
Package scrbase Info: Unknown processing state.
(scrbase)             Processing option `markcase=used'
(scrbase)             of member `.scrlayer-scrpage.sty' of family
(scrbase)             `KOMA' doesn't set
(scrbase)             a valid state. This will be interpreted
(scrbase)             as \FamilyKeyStateProcessed on input line 724.
)
Package scrlayer-scrpage Info: auto-selection of `pagestyleset=standard'.

1: chapter
1: chapter
1: section
) (/usr/share/texlive/texmf-dist/tex/latex/base/inputenc.sty
Package: inputenc 2018/08/11 v1.3c Input encoding file
\inpenc@prehook=\toks19
\inpenc@posthook=\toks20
)
(/usr/share/texlive/texmf-dist/tex/latex/base/fontenc.sty
Package: fontenc 2018/08/11 v2.0j Standard LaTeX package

(/usr/share/texlive/texmf-dist/tex/latex/base/t1enc.def
File: t1enc.def 2018/08/11 v2.0j Standard LaTeX file
LaTeX Font Info:    Redeclaring font encoding T1 on input line 48.
))
(/usr/share/texlive/texmf-dist/tex/latex/psnfss/mathpazo.sty
Package: mathpazo 2005/04/12 PSNFSS-v9.2a Palatino w/ Pazo Math (D.Puga, WaS) 
\symupright=\mathgroup4
)
(/usr/share/texlive/texmf-dist/tex/latex/tools/enumerate.sty
Package: enumerate 2015/07/23 v3.00 enumerate extensions (DPC)
\@enLab=\toks21
)
(/usr/share/texlive/texmf-dist/tex/latex/caption/subcaption.sty
Package: subcaption 2018/05/01 v1.1-162 Sub-captions (AR)
\c@subfigure=\count279
\c@subtable=\count280
)
(/usr/share/texlive/texmf-dist/tex/latex/graphics/lscape.sty
Package: lscape 2000/10/22 v3.01 Landscape Pages (DPC)
)
Package scrhack Info: loading lscape hack on input line 30.

(/usr/share/texlive/texmf-dist/tex/latex/koma-script/lscape.hak
File: lscape.hak 2019/02/01 v3.26b KOMA-Script package (hacking package lscape)

Package scrhack Info: \landscape patched to make \textheight change optional on
 input line 90.
\scrh@LT@textheight=\skip60
)
(/usr/share/texlive/texmf-dist/tex/latex/oberdiek/pdflscape.sty
Package: pdflscape 2016/05/14 v0.11 Display of landscape pages in PDF (HO)
Package pdflscape Info: Auto-detected driver: pdftex on input line 81.
)
(/usr/share/texlive/texmf-dist/tex/latex/multirow/multirow.sty
Package: multirow 2019/01/01 v2.4 Span multiple rows of a table
\multirow@colwidth=\skip61
\multirow@cntb=\count281
\multirow@dima=\skip62
\bigstrutjot=\dimen182
)
(/usr/share/texlive/texmf-dist/tex/latex/colortbl/colortbl.sty
Package: colortbl 2018/12/12 v1.0d Color table columns (DPC)
\everycr=\toks22
\minrowclearance=\skip63
)
(/usr/share/texlive/texmf-dist/tex/latex/hyperref/hyperref.sty
Package: hyperref 2018/11/30 v6.88e Hypertext links for LaTeX

(/usr/share/texlive/texmf-dist/tex/generic/oberdiek/hobsub-hyperref.sty
Package: hobsub-hyperref 2016/05/16 v1.14 Bundle oberdiek, subset hyperref (HO)


(/usr/share/texlive/texmf-dist/tex/generic/oberdiek/hobsub-generic.sty
Package: hobsub-generic 2016/05/16 v1.14 Bundle oberdiek, subset generic (HO)
Package: hobsub 2016/05/16 v1.14 Construct package bundles (HO)
Package: infwarerr 2016/05/16 v1.4 Providing info/warning/error messages (HO)
Package: ltxcmds 2016/05/16 v1.23 LaTeX kernel commands for general use (HO)
Package: ifluatex 2016/05/16 v1.4 Provides the ifluatex switch (HO)
Package ifluatex Info: LuaTeX not detected.
Package hobsub Info: Skipping package `ifvtex' (already loaded).
Package: intcalc 2016/05/16 v1.2 Expandable calculations with integers (HO)
Package hobsub Info: Skipping package `ifpdf' (already loaded).
Package: etexcmds 2016/05/16 v1.6 Avoid name clashes with e-TeX commands (HO)
Package: kvsetkeys 2016/05/16 v1.17 Key value parser (HO)
Package: kvdefinekeys 2016/05/16 v1.4 Define keys (HO)
Package: pdftexcmds 2018/09/10 v0.29 Utility functions of pdfTeX for LuaTeX (HO
)
Package pdftexcmds Info: LuaTeX not detected.
Package pdftexcmds Info: \pdf@primitive is available.
Package pdftexcmds Info: \pdf@ifprimitive is available.
Package pdftexcmds Info: \pdfdraftmode found.
Package: pdfescape 2016/05/16 v1.14 Implements pdfTeX's escape features (HO)
Package: bigintcalc 2016/05/16 v1.4 Expandable calculations on big integers (HO
)
Package: bitset 2016/05/16 v1.2 Handle bit-vector datatype (HO)
Package: uniquecounter 2016/05/16 v1.3 Provide unlimited unique counter (HO)
)
Package hobsub Info: Skipping package `hobsub' (already loaded).
Package: letltxmacro 2016/05/16 v1.5 Let assignment for LaTeX macros (HO)
Package: hopatch 2016/05/16 v1.3 Wrapper for package hooks (HO)
Package: xcolor-patch 2016/05/16 xcolor patch
Package: atveryend 2016/05/16 v1.9 Hooks at the very end of document (HO)
Package: atbegshi 2016/06/09 v1.18 At begin shipout hook (HO)
Package: refcount 2016/05/16 v3.5 Data extraction from label references (HO)
Package: hycolor 2016/05/16 v1.8 Color options for hyperref/bookmark (HO)
)
(/usr/share/texlive/texmf-dist/tex/latex/oberdiek/auxhook.sty
Package: auxhook 2016/05/16 v1.4 Hooks for auxiliary files (HO)
)
(/usr/share/texlive/texmf-dist/tex/latex/oberdiek/kvoptions.sty
Package: kvoptions 2016/05/16 v3.12 Key value format for package options (HO)
)
\@linkdim=\dimen183
\Hy@linkcounter=\count282
\Hy@pagecounter=\count283

(/usr/share/texlive/texmf-dist/tex/latex/hyperref/pd1enc.def
File: pd1enc.def 2018/11/30 v6.88e Hyperref: PDFDocEncoding definition (HO)
Now handling font encoding PD1 ...
... no UTF-8 mapping file for font encoding PD1
)
\Hy@SavedSpaceFactor=\count284

(/usr/share/texlive/texmf-dist/tex/latex/latexconfig/hyperref.cfg
File: hyperref.cfg 2002/06/06 v1.2 hyperref configuration of TeXLive
)
Package hyperref Info: Hyper figures OFF on input line 4519.
Package hyperref Info: Link nesting OFF on input line 4524.
Package hyperref Info: Hyper index ON on input line 4527.
Package hyperref Info: Plain pages OFF on input line 4534.
Package hyperref Info: Backreferencing OFF on input line 4539.
Package hyperref Info: Implicit mode ON; LaTeX internals redefined.
Package hyperref Info: Bookmarks ON on input line 4772.
\c@Hy@tempcnt=\count285

(/usr/share/texlive/texmf-dist/tex/latex/url/url.sty
\Urlmuskip=\muskip16
Package: url 2013/09/16  ver 3.4  Verb mode for urls, etc.
)
LaTeX Info: Redefining \url on input line 5125.
\XeTeXLinkMargin=\dimen184
\Fld@menulength=\count286
\Field@Width=\dimen185
\Fld@charsize=\dimen186
Package hyperref Info: Hyper figures OFF on input line 6380.
Package hyperref Info: Link nesting OFF on input line 6385.
Package hyperref Info: Hyper index ON on input line 6388.
Package hyperref Info: backreferencing OFF on input line 6395.
Package hyperref Info: Link coloring OFF on input line 6400.
Package hyperref Info: Link coloring with OCG OFF on input line 6405.
Package hyperref Info: PDF/A mode OFF on input line 6410.
LaTeX Info: Redefining \ref on input line 6450.
LaTeX Info: Redefining \pageref on input line 6454.
\Hy@abspage=\count287
\c@Item=\count288
\c@Hfootnote=\count289
)
Package scrhack Info: hyperref hack deactivated because of
(scrhack)             detection of hyperref version, that doesn't
(scrhack)             need that hack, on input line 34.
Package hyperref Info: Driver (autodetected): hpdftex.

(/usr/share/texlive/texmf-dist/tex/latex/hyperref/hpdftex.def
File: hpdftex.def 2018/11/30 v6.88e Hyperref driver for pdfTeX
\Fld@listcount=\count290
\c@bookmark@seq@number=\count291

(/usr/share/texlive/texmf-dist/tex/latex/oberdiek/rerunfilecheck.sty
Package: rerunfilecheck 2016/05/16 v1.8 Rerun checks for auxiliary files (HO)
Package uniquecounter Info: New unique counter `rerunfilecheck' on input line 2
82.
)
\Hy@SectionHShift=\skip64
)
(/usr/share/texlive/texmf-dist/tex/latex/apacite/apacite.sty
Package: apacite 2013/07/21 v6.03 APA citation
\c@BibCnt=\count292
\bibleftmargin=\skip65
\bibindent=\skip66
\bibparsep=\skip67
\bibitemsep=\skip68
\biblabelsep=\skip69
)
(/usr/share/texlive/texmf-dist/tex/latex/float/float.sty
Package: float 2001/11/08 v1.3d Float enhancements (AL)
\c@float@type=\count293
\float@exts=\toks23
\float@box=\box58
\@float@everytoks=\toks24
\@floatcapt=\box59
)
Package scrhack Info: loading float hack on input line 46.

(/usr/share/texlive/texmf-dist/tex/latex/koma-script/float.hak
File: float.hak 2019/02/01 v3.26b KOMA-Script package (hacking package float)

(/usr/share/texlive/texmf-dist/tex/latex/koma-script/tocbasic.sty
Package: tocbasic 2019/02/01 v3.26b KOMA-Script package (handling toc-files)
\scr@dte@tocline@numberwidth=\skip70
\scr@dte@tocline@numbox=\box60
)
Package scrhack Info: redefining \newfloat on input line 163.
Package scrhack Info: redefining \listof on input line 163.
Package scrhack Info: undefining \float@addtolists on input line 163.
)
(/usr/share/texlive/texmf-dist/tex/latex/adjustbox/adjustbox.sty
Package: adjustbox 2019/01/04 v1.2 Adjusting TeX boxes (trim, clip, ...)

(/usr/share/texlive/texmf-dist/tex/latex/xkeyval/xkeyval.sty
Package: xkeyval 2014/12/03 v2.7a package option processing (HA)

(/usr/share/texlive/texmf-dist/tex/generic/xkeyval/xkeyval.tex
(/usr/share/texlive/texmf-dist/tex/generic/xkeyval/xkvutils.tex
\XKV@toks=\toks25
\XKV@tempa@toks=\toks26
)
\XKV@depth=\count294
File: xkeyval.tex 2014/12/03 v2.7a key=value parser (HA)
))
(/usr/share/texlive/texmf-dist/tex/latex/adjustbox/adjcalc.sty
Package: adjcalc 2012/05/16 v1.1 Provides advanced setlength with multiple back
-ends (calc, etex, pgfmath)
)
(/usr/share/texlive/texmf-dist/tex/latex/adjustbox/trimclip.sty
Package: trimclip 2018/04/08 v1.1 Trim and clip general TeX material

(/usr/share/texlive/texmf-dist/tex/latex/collectbox/collectbox.sty
Package: collectbox 2012/05/17 v0.4b Collect macro arguments as boxes
\collectedbox=\box61
)
\tc@llx=\dimen187
\tc@lly=\dimen188
\tc@urx=\dimen189
\tc@ury=\dimen190
Package trimclip Info: Using driver 'tc-pdftex.def'.

(/usr/share/texlive/texmf-dist/tex/latex/adjustbox/tc-pdftex.def
File: tc-pdftex.def 2019/01/04 v2.2 Clipping driver for pdftex
))
\adjbox@Width=\dimen191
\adjbox@Height=\dimen192
\adjbox@Depth=\dimen193
\adjbox@Totalheight=\dimen194
\adjbox@pwidth=\dimen195
\adjbox@pheight=\dimen196
\adjbox@pdepth=\dimen197
\adjbox@ptotalheight=\dimen198

(/usr/share/texlive/texmf-dist/tex/latex/ifoddpage/ifoddpage.sty
Package: ifoddpage 2016/04/23 v1.1 Conditionals for odd/even page detection
\c@checkoddpage=\count295
)
(/usr/share/texlive/texmf-dist/tex/latex/varwidth/varwidth.sty
Package: varwidth 2009/03/30 ver 0.92;  Variable-width minipages
\@vwid@box=\box62
\sift@deathcycles=\count296
\@vwid@loff=\dimen199
\@vwid@roff=\dimen256
))
(/usr/share/texlive/texmf-dist/tex/latex/wrapfig/wrapfig.sty
\wrapoverhang=\dimen257
\WF@size=\dimen258
\c@WF@wrappedlines=\count297
\WF@box=\box63
\WF@everypar=\toks27
Package: wrapfig 2003/01/31  v 3.6
)
(/usr/share/texlive/texmf-dist/tex/latex/parskip/parskip.sty
Package: parskip 2019-01-16 v2.0c non-zero parskip adjustments
)
(/usr/share/texlive/texmf-dist/tex/latex/psnfss/helvet.sty
Package: helvet 2005/04/12 PSNFSS-v9.2a (WaS) 
)
\@float@every@figure=\toks28
\@float@every@table=\toks29
\tempwidth=\skip71
Package hyperref Info: Option `bookmarksopen' set `true' on input line 98.
Package hyperref Info: Option `hypertexnames' set `false' on input line 98.
Package hyperref Info: Option `colorlinks' set `true' on input line 98.
Package hyperref Info: Option `unicode' set `true' on input line 98.

(/usr/share/texlive/texmf-dist/tex/latex/hyperref/puenc.def
File: puenc.def 2018/11/30 v6.88e Hyperref: PDF Unicode definition (HO)
Now handling font encoding PU ...
... no UTF-8 mapping file for font encoding PU
)
Package hyperref Info: Option `breaklinks' set `true' on input line 98.
 (./main.aux
(./capitulos/capitulo1.aux) (./capitulos/capitulo2.aux)
(./capitulos/capitulo4.aux) (./capitulos/capitulo3.aux

LaTeX Warning: Label `Capitulo 3' multiply defined.

) (./capitulos/capitulo5.aux) (./capitulos/capitulo6.aux)
(./capitulos/capitulo7.aux) (./apendices/apendiceA.aux)
(./apendices/apendiceB.aux))
\openout1 = `main.aux'.

LaTeX Font Info:    Checking defaults for OML/cmm/m/it on input line 98.
LaTeX Font Info:    ... okay on input line 98.
LaTeX Font Info:    Checking defaults for T1/cmr/m/n on input line 98.
LaTeX Font Info:    ... okay on input line 98.
LaTeX Font Info:    Checking defaults for OT1/cmr/m/n on input line 98.
LaTeX Font Info:    ... okay on input line 98.
LaTeX Font Info:    Checking defaults for OMS/cmsy/m/n on input line 98.
LaTeX Font Info:    ... okay on input line 98.
LaTeX Font Info:    Checking defaults for OMX/cmex/m/n on input line 98.
LaTeX Font Info:    ... okay on input line 98.
LaTeX Font Info:    Checking defaults for U/cmr/m/n on input line 98.
LaTeX Font Info:    ... okay on input line 98.
LaTeX Font Info:    Checking defaults for PD1/pdf/m/n on input line 98.
LaTeX Font Info:    ... okay on input line 98.
LaTeX Font Info:    Checking defaults for PU/pdf/m/n on input line 98.
LaTeX Font Info:    ... okay on input line 98.
LaTeX Font Info:    Try loading font information for T1+phv on input line 98.

(/usr/share/texlive/texmf-dist/tex/latex/psnfss/t1phv.fd
File: t1phv.fd 2001/06/04 scalable font definitions for T1/phv.
)
Now handling font encoding TS1 ...
... processing UTF-8 mapping file for font encoding TS1

(/usr/share/texlive/texmf-dist/tex/latex/base/ts1enc.dfu
File: ts1enc.dfu 2018/10/05 v1.2f UTF-8 support for inputenc
   defining Unicode char U+00A2 (decimal 162)
   defining Unicode char U+00A3 (decimal 163)
   defining Unicode char U+00A4 (decimal 164)
   defining Unicode char U+00A5 (decimal 165)
   defining Unicode char U+00A6 (decimal 166)
   defining Unicode char U+00A7 (decimal 167)
   defining Unicode char U+00A8 (decimal 168)
   defining Unicode char U+00A9 (decimal 169)
   defining Unicode char U+00AA (decimal 170)
   defining Unicode char U+00AC (decimal 172)
   defining Unicode char U+00AE (decimal 174)
   defining Unicode char U+00AF (decimal 175)
   defining Unicode char U+00B0 (decimal 176)
   defining Unicode char U+00B1 (decimal 177)
   defining Unicode char U+00B2 (decimal 178)
   defining Unicode char U+00B3 (decimal 179)
   defining Unicode char U+00B4 (decimal 180)
   defining Unicode char U+00B5 (decimal 181)
   defining Unicode char U+00B6 (decimal 182)
   defining Unicode char U+00B7 (decimal 183)
   defining Unicode char U+00B9 (decimal 185)
   defining Unicode char U+00BA (decimal 186)
   defining Unicode char U+00BC (decimal 188)
   defining Unicode char U+00BD (decimal 189)
   defining Unicode char U+00BE (decimal 190)
   defining Unicode char U+00D7 (decimal 215)
   defining Unicode char U+00F7 (decimal 247)
   defining Unicode char U+0192 (decimal 402)
   defining Unicode char U+02C7 (decimal 711)
   defining Unicode char U+02D8 (decimal 728)
   defining Unicode char U+02DD (decimal 733)
   defining Unicode char U+0E3F (decimal 3647)
   defining Unicode char U+2016 (decimal 8214)
   defining Unicode char U+2020 (decimal 8224)
   defining Unicode char U+2021 (decimal 8225)
   defining Unicode char U+2022 (decimal 8226)
   defining Unicode char U+2030 (decimal 8240)
   defining Unicode char U+2031 (decimal 8241)
   defining Unicode char U+203B (decimal 8251)
   defining Unicode char U+203D (decimal 8253)
   defining Unicode char U+2044 (decimal 8260)
   defining Unicode char U+204E (decimal 8270)
   defining Unicode char U+2052 (decimal 8274)
   defining Unicode char U+20A1 (decimal 8353)
   defining Unicode char U+20A4 (decimal 8356)
   defining Unicode char U+20A6 (decimal 8358)
   defining Unicode char U+20A9 (decimal 8361)
   defining Unicode char U+20AB (decimal 8363)
   defining Unicode char U+20AC (decimal 8364)
   defining Unicode char U+20B1 (decimal 8369)
   defining Unicode char U+2103 (decimal 8451)
   defining Unicode char U+2116 (decimal 8470)
   defining Unicode char U+2117 (decimal 8471)
   defining Unicode char U+211E (decimal 8478)
   defining Unicode char U+2120 (decimal 8480)
   defining Unicode char U+2122 (decimal 8482)
   defining Unicode char U+2126 (decimal 8486)
   defining Unicode char U+2127 (decimal 8487)
   defining Unicode char U+212E (decimal 8494)
   defining Unicode char U+2190 (decimal 8592)
   defining Unicode char U+2191 (decimal 8593)
   defining Unicode char U+2192 (decimal 8594)
   defining Unicode char U+2193 (decimal 8595)
   defining Unicode char U+2329 (decimal 9001)
   defining Unicode char U+232A (decimal 9002)
   defining Unicode char U+2422 (decimal 9250)
   defining Unicode char U+25E6 (decimal 9702)
   defining Unicode char U+25EF (decimal 9711)
   defining Unicode char U+266A (decimal 9834)
   defining Unicode char U+FEFF (decimal 65279)
)
(/usr/share/texlive/texmf-dist/tex/latex/translator/translator-basic-dictionary
-English.dict
Dictionary: translator-basic-dictionary, Language: English 
)
(/usr/share/texlive/texmf-dist/tex/latex/translator/translator-basic-dictionary
-Spanish.dict
Dictionary: translator-basic-dictionary, Language: Spanish 
)
(/usr/share/texlive/texmf-dist/tex/latex/siunitx/siunitx-abbreviations.cfg
File: siunitx-abbreviations.cfg 2017/11/26 v2.7k siunitx: Abbreviated units
)
(/usr/share/texlive/texmf-dist/tex/context/base/mkii/supp-pdf.mkii
[Loading MPS to PDF converter (version 2006.09.02).]
\scratchcounter=\count298
\scratchdimen=\dimen259
\scratchbox=\box64
\nofMPsegments=\count299
\nofMParguments=\count300
\everyMPshowfont=\toks30
\MPscratchCnt=\count301
\MPscratchDim=\dimen260
\MPnumerator=\count302
\makeMPintoPDFobject=\count303
\everyMPtoPDFconversion=\toks31
) (/usr/share/texlive/texmf-dist/tex/latex/oberdiek/epstopdf-base.sty
Package: epstopdf-base 2016/05/15 v2.6 Base part for package epstopdf

(/usr/share/texlive/texmf-dist/tex/latex/oberdiek/grfext.sty
Package: grfext 2016/05/16 v1.2 Manage graphics extensions (HO)
)
Package epstopdf-base Info: Redefining graphics rule for `.eps' on input line 4
38.
Package grfext Info: Graphics extension search list:
(grfext)             [.pdf,.png,.jpg,.mps,.jpeg,.jbig2,.jb2,.PDF,.PNG,.JPG,.JPE
G,.JBIG2,.JB2,.eps]
(grfext)             \AppendGraphicsExtensions on input line 456.

(/usr/share/texlive/texmf-dist/tex/latex/latexconfig/epstopdf-sys.cfg
File: epstopdf-sys.cfg 2010/07/13 v1.3 Configuration of (r)epstopdf for TeX Liv
e
))
Package caption Info: Begin \AtBeginDocument code.
Package caption Info: float package is loaded.
Package caption Info: hyperref package is loaded.
Package caption Info: wrapfig package is loaded.
Package caption Info: End \AtBeginDocument code.

*geometry* driver: auto-detecting
*geometry* detected driver: pdftex
*geometry* verbose mode - [ preamble ] result:
* driver: pdftex
* paper: letterpaper
* layout: <same size as paper>
* layoutoffset:(h,v)=(0.0pt,0.0pt)
* bindingoffset: 14.22636pt
* modes: includehead includefoot twoside 
* h-part:(L,W,R)=(85.35826pt, 457.80487pt, 56.9055pt)
* v-part:(T,H,B)=(56.9055pt, 681.15898pt, 56.9055pt)
* \paperwidth=614.295pt
* \paperheight=794.96999pt
* \textwidth=457.80487pt
* \textheight=614.9686pt
* \oddsidemargin=27.31464pt
* \evensidemargin=-15.36449pt
* \topmargin=-15.36449pt
* \headheight=18.85364pt
* \headsep=19.8738pt
* \topskip=11.0pt
* \footskip=27.46295pt
* \marginparwidth=116.0pt
* \marginparsep=7.0pt
* \columnsep=10.0pt
* \skip\footins=10.0pt plus 4.0pt minus 2.0pt
* \hoffset=0.0pt
* \voffset=0.0pt
* \mag=1000
* \@twocolumnfalse
* \@twosidetrue
* \@mparswitchtrue
* \@reversemarginfalse
* (1in=72.27pt=25.4mm, 1cm=28.453pt)

Package scrlayer Info: Setting magic \footheight to \baselineskip while
(scrlayer)             \begin{document} on input line 98.
\big@size=\dimen261
\AtBeginShipoutBox=\box65
Package hyperref Info: Link coloring ON on input line 98.
(/usr/share/texlive/texmf-dist/tex/latex/hyperref/nameref.sty
Package: nameref 2016/05/21 v2.44 Cross-referencing by name of section

(/usr/share/texlive/texmf-dist/tex/generic/oberdiek/gettitlestring.sty
Package: gettitlestring 2016/05/16 v1.5 Cleanup title references (HO)
)
\c@section@level=\count304
)
LaTeX Info: Redefining \ref on input line 98.
LaTeX Info: Redefining \pageref on input line 98.
LaTeX Info: Redefining \nameref on input line 98.

(./main.out) (./main.out)
\@outlinefile=\write3
\openout3 = `main.out'.

\c@maskedRefs=\count305


Package apacite Warning: No suitable language definition file (nil.apc) found.

LaTeX Font Info:    Try loading font information for OT1+ppl on input line 98.
(/usr/share/texlive/texmf-dist/tex/latex/psnfss/ot1ppl.fd
File: ot1ppl.fd 2001/06/04 font definitions for OT1/ppl.
)
LaTeX Font Info:    Try loading font information for OML+zplm on input line 98.


(/usr/share/texlive/texmf-dist/tex/latex/psnfss/omlzplm.fd
File: omlzplm.fd 2002/09/08 Fontinst v1.914 font definitions for OML/zplm.
)
LaTeX Font Info:    Try loading font information for OMS+zplm on input line 98.


(/usr/share/texlive/texmf-dist/tex/latex/psnfss/omszplm.fd
File: omszplm.fd 2002/09/08 Fontinst v1.914 font definitions for OMS/zplm.
)
LaTeX Font Info:    Try loading font information for OMX+zplm on input line 98.


(/usr/share/texlive/texmf-dist/tex/latex/psnfss/omxzplm.fd
File: omxzplm.fd 2002/09/08 Fontinst v1.914 font definitions for OMX/zplm.
)
LaTeX Font Info:    Try loading font information for OT1+zplm on input line 98.


(/usr/share/texlive/texmf-dist/tex/latex/psnfss/ot1zplm.fd
File: ot1zplm.fd 2002/09/08 Fontinst v1.914 font definitions for OT1/zplm.
)
1: section
<imagenes/umss.jpg, id=434, 453.695pt x 679.53876pt>
File: imagenes/umss.jpg Graphic file (type jpg)
<use imagenes/umss.jpg>
Package pdftex.def Info: imagenes/umss.jpg  used on input line 111.
(pdftex.def)             Requested size: 47.49054pt x 71.13188pt.
<imagenes/logo.jpg, id=438, 606.265pt x 599.23875pt>
File: imagenes/logo.jpg Graphic file (type jpg)
<use imagenes/logo.jpg>
Package pdftex.def Info: imagenes/logo.jpg  used on input line 121.
(pdftex.def)             Requested size: 71.96233pt x 71.13188pt.

Overfull \hbox (3.2944pt too wide) in paragraph at lines 121--122
[][] 
 []

LaTeX Font Info:    Font shape `T1/phv/bx/n' in size <24.88> not available
(Font)              Font shape `T1/phv/b/n' tried instead on input line 126.
[1



{/var/lib/texmf/fonts/map/pdftex/updmap/pdftex.map} <./imagenes/umss.jpg> <./im
agenes/logo.jpg>] [2

]
--------------------
 Acknowledgment
--------------------
LaTeX Font Info:    Font shape `T1/phv/m/it' in size <20.74> not available
(Font)              Font shape `T1/phv/m/sl' tried instead on input line 166.

Overfull \hbox (12.38666pt too wide) in paragraph at lines 175--177
[]\T1/phv/m/n/10.95 To my family, for their constant understanding and encourag
ement, in addition to their unconditional
 []

1: section
[3

] [4

]
--------------------
 Dedicatory
--------------------
1: section
[5] [6

] (./main.toc
LaTeX Font Info:    Font shape `T1/phv/bx/n' in size <10.95> not available
(Font)              Font shape `T1/phv/b/n' tried instead on input line 2.

1: section
[7] [8])
\tf@toc=\write4
\openout4 = `main.toc'.

 [9] [10

] (./main.lof
Overfull \hbox (10.44537pt too wide) in paragraph at lines 3--3
 [][] [][][]\T1/phv/m/n/10.95 Deaths due to traffic accidents by region dependi
ng on user's type [][][]de Salud (OMS)[][], 
 []


Overfull \hbox (21.20831pt too wide) in paragraph at lines 26--26
 [][] [][][]\T1/phv/m/n/10.95 Performance comparison between the One-Clas SVM a
nd Isolation Forest algorithms. 
 []

1: section
[11]
Overfull \hbox (1.51201pt too wide) in paragraph at lines 58--58
 [][] [][][]\T1/phv/m/n/10.95 The figure on left shows the isolation of an anom
aly, requiring only three partitions. 
 []


Overfull \hbox (10.3792pt too wide) in paragraph at lines 59--59
 [][] [][][]\T1/phv/m/n/10.95 Graphical representation of normal behavior model
 or autoencoder (Own elaboration).[][] [][]  
 []


Overfull \hbox (11.66078pt too wide) in paragraph at lines 64--64
 [][] [][][]\T1/phv/m/n/10.95 Resultados de la detección de anomalías del tipo 
giros a alta velocidad (Elaboración 
 []

)
\tf@lof=\write5
\openout5 = `main.lof'.

 [12] (./main.lot
Overfull \hbox (0.18507pt too wide) in paragraph at lines 19--19
 [][] [][][]\T1/phv/m/n/10.95 Anomaly detection evaluation using One-Class SVM 
for compressed values (Own 
 []


Overfull \hbox (17.85765pt too wide) in paragraph at lines 20--20
 [][] [][][]\T1/phv/m/n/10.95 Anomaly detection evaluation using One-Class SVM 
for autoencoder's reconstruction 
 []

1: section
[13

])
\tf@lot=\write6
\openout6 = `main.lot'.

 [14]
--------------------
 Abstract
--------------------
(./resumen.tex)
1: section
[15

] [16

]
1: section
\openout2 = `capitulos/capitulo1.aux'.

(./capitulos/capitulo1.tex
Chapter 1.

Package hyperref Warning: Token not allowed in a PDF string (Unicode):
(hyperref)                removing `\uppercase' on input line 3.

LaTeX Font Info:    Font shape `T1/phv/bx/n' in size <17.28> not available
(Font)              Font shape `T1/phv/b/n' tried instead on input line 3.
LaTeX Font Info:    Font shape `T1/phv/bx/n' in size <14.4> not available
(Font)              Font shape `T1/phv/b/n' tried instead on input line 15.
<imagenes/Cap1/oms1.png, id=869, 619.56468pt x 441.90094pt>
File: imagenes/Cap1/oms1.png Graphic file (type png)
<use imagenes/Cap1/oms1.png>
Package pdftex.def Info: imagenes/Cap1/oms1.png  used on input line 28.
(pdftex.def)             Requested size: 412.02158pt x 293.86717pt.

LaTeX Warning: `!h' float specifier changed to `!ht'.

1: section
[1


]
<imagenes/Cap1/arbol_p.png, id=879, 626.34pt x 306.39468pt>
File: imagenes/Cap1/arbol_p.png Graphic file (type png)
<use imagenes/Cap1/arbol_p.png>
Package pdftex.def Info: imagenes/Cap1/arbol_p.png  used on input line 48.
(pdftex.def)             Requested size: 457.80487pt x 223.95612pt.

Overfull \hbox (6.79999pt too wide) in paragraph at lines 48--49
 [] 
 []


LaTeX Warning: `!h' float specifier changed to `!ht'.

LaTeX Font Info:    Try loading font information for OMS+phv on input line 62.
(/usr/share/texlive/texmf-dist/tex/latex/psnfss/omsphv.fd
File: omsphv.fd 
)
LaTeX Font Info:    Font shape `OMS/phv/m/n' in size <10.95> not available
(Font)              Font shape `OMS/cmsy/m/n' tried instead on input line 62.
 [2 <./imagenes/Cap1/oms1.png (PNG copy)>]
LaTeX Font Info:    Font shape `T1/phv/bx/n' in size <12> not available
(Font)              Font shape `T1/phv/b/n' tried instead on input line 81.
 [3 <./imagenes/Cap1/arbol_p.png (PNG copy)>]
Overfull \hbox (4.85393pt too wide) in paragraph at lines 103--105
[]\T1/phv/m/n/10.95 Thus, experiments and tests were performed only on a small 
set of anomalous samples, therefore
 []

LaTeX Font Info:    Font shape `T1/phv/m/it' in size <10.95> not available
(Font)              Font shape `T1/phv/m/sl' tried instead on input line 113.
LaTeX Font Info:    Font shape `T1/phv/m/it' in size <12> not available
(Font)              Font shape `T1/phv/m/sl' tried instead on input line 113.
) [4]
\openout2 = `capitulos/capitulo2.aux'.

 (./capitulos/capitulo2.tex
Chapter 2.

Package hyperref Warning: Token not allowed in a PDF string (Unicode):
(hyperref)                removing `\uppercase' on input line 3.

<imagenes/Cap2/anom_2D.png, id=895, 374.14781pt x 326.72063pt>
File: imagenes/Cap2/anom_2D.png Graphic file (type png)
<use imagenes/Cap2/anom_2D.png>
Package pdftex.def Info: imagenes/Cap2/anom_2D.png  used on input line 27.
(pdftex.def)             Requested size: 206.01079pt x 179.8963pt.

LaTeX Warning: `!h' float specifier changed to `!ht'.


Overfull \hbox (10.43373pt too wide) in paragraph at lines 38--40
[]\T1/phv/b/n/10.95 Contextual (or conditional) anomalies: \T1/phv/m/n/10.95 Th
ese are points that are only considered anomalous
 []

<imagenes/Cap2/anom_contx.png, id=901, 454.69875pt x 225.84375pt>
File: imagenes/Cap2/anom_contx.png Graphic file (type png)
<use imagenes/Cap2/anom_contx.png>
Package pdftex.def Info: imagenes/Cap2/anom_contx.png  used on input line 47.
(pdftex.def)             Requested size: 274.68571pt x 136.43428pt.

LaTeX Warning: `!h' float specifier changed to `!ht'.

1: section
[5



]
<imagenes/Cap2/anom_col.png, id=913, 386.94562pt x 302.63063pt>
File: imagenes/Cap2/anom_col.png Graphic file (type png)
<use imagenes/Cap2/anom_col.png>
Package pdftex.def Info: imagenes/Cap2/anom_col.png  used on input line 62.
(pdftex.def)             Requested size: 206.01079pt x 161.12306pt.


LaTeX Warning: `!h' float specifier changed to `!ht'.


Overfull \hbox (5.99405pt too wide) in paragraph at lines 70--72
[]\T1/phv/m/n/10.95 In relation to the above, it can be defined as detection of
 anomalies, or outliers, to the identification
 []


Overfull \hbox (1.535pt too wide) in paragraph at lines 70--72
\T1/phv/m/n/10.95 of data points, elements, observations or events that do not 
fit the expected pattern of a particular
 []

[6 <./imagenes/Cap2/anom_2D.png (PNG copy)> <./imagenes/Cap2/anom_contx.png (PN
G copy)>] [7 <./imagenes/Cap2/anom_col.png (PNG copy)>]
Overfull \hbox (1.91927pt too wide) in paragraph at lines 117--119
[]\T1/phv/m/n/10.95 Obtaining accurate and representative labels, particularly 
for anomaly class, is a challenge. 
 []


Overfull \hbox (9.57265pt too wide) in paragraph at lines 148--150
\T1/phv/m/n/10.95 smartphone sensors (accelerometer, linear acceleration, magne
tometer and gyroscope); resulting
 []

[8]
Overfull \hbox (28.97346pt too wide) in paragraph at lines 153--155
\T1/phv/m/n/10.95 almost all aggressive events (97%) were correctly identified,
 using the set of T sensors (accelerometer,
 []


Overfull \hbox (8.92476pt too wide) in paragraph at lines 153--155
\T1/phv/m/n/10.95 (2017), a system focused on developing driver awareness throu
gh notifications in critical situations
 []


Overfull \hbox (31.83385pt too wide) in paragraph at lines 158--160
[][]\T1/phv/m/n/10.95 2012[][]; [][][]Boonmee & Tangamchit[][], [][]2009[][]; [
][][]Koh & Kang[][], [][]2015[][]) that use smart phone sensors (accelerometer
 []


Overfull \hbox (0.53407pt too wide) in paragraph at lines 168--170
\T1/phv/m/n/10.95 which presents the great disadvantage of requiring data label
ed to generate the model detection;
 []

[9]
<imagenes/Cap2/metodo1.png, id=967, 963.6pt x 722.7pt>
File: imagenes/Cap2/metodo1.png Graphic file (type png)
<use imagenes/Cap2/metodo1.png>
Package pdftex.def Info: imagenes/Cap2/metodo1.png  used on input line 182.
(pdftex.def)             Requested size: 412.02158pt x 309.01259pt.
) [10 <./imagenes/Cap2/metodo1.png>]
\openout2 = `capitulos/capitulo4.aux'.

 (./capitulos/capitulo4.tex
Chapter 3.

Package hyperref Warning: Token not allowed in a PDF string (Unicode):
(hyperref)                removing `\uppercase' on input line 1.


Overfull \hbox (31.67743pt too wide) in paragraph at lines 17--17
[]\T1/phv/b/n/14.4 Supervised Learning, Unsupervised Learning and Semi Supervis
ed
 []

1: section
[11



]
Overfull \hbox (11.53966pt too wide) in paragraph at lines 37--39
[]\T1/phv/m/n/10.95 This type of learning addresses two types of problems: clas
sification and regression. Classification
 []


Overfull \hbox (7.25963pt too wide) in paragraph at lines 57--59
[]\T1/phv/m/n/10.95 Since Supervised Learning methods require a large amount of
 labeled training data, it is important
 []

[12]
Overfull \hbox (2.48796pt too wide) in paragraph at lines 67--69
\T1/phv/m/n/10.95 training set; that is, information about anomalies cannot be 
obtained, therefore unknown samples
 []

[13]
LaTeX Font Info:    Font shape `T1/phv/bx/n' in size <9> not available
(Font)              Font shape `T1/phv/b/n' tried instead on input line 104.
<imagenes/Cap4/neurona.png, id=1001, 786.94pt x 429.605pt>
File: imagenes/Cap4/neurona.png Graphic file (type png)
<use imagenes/Cap4/neurona.png>
Package pdftex.def Info: imagenes/Cap4/neurona.png  used on input line 113.
(pdftex.def)             Requested size: 434.91322pt x 237.42409pt.

Overfull \hbox (5.05736pt too wide) in paragraph at lines 124--126
\T1/phv/m/n/10.95 information's transmission is done electrically inside the ne
uron and chemically between neurons,
 []

[14 <./imagenes/Cap4/neurona.png>]
<imagenes/Cap4/neurona_artificial.png, id=1012, 652.4375pt x 328.22626pt>
File: imagenes/Cap4/neurona_artificial.png Graphic file (type png)
<use imagenes/Cap4/neurona_artificial.png>
Package pdftex.def Info: imagenes/Cap4/neurona_artificial.png  used on input li
ne 133.
(pdftex.def)             Requested size: 434.91322pt x 218.8036pt.

Overfull \hbox (1.6759pt too wide) in paragraph at lines 140--142
[]\T1/phv/b/n/10.95 Inputs \T1/phv/m/n/10.95 that receive data from other neuro
ns, these inputs would be dendrites of a biological
 []

[15 <./imagenes/Cap4/neurona_artificial.png>]
<imagenes/Cap4/sigmoid.png, id=1026, 322.20375pt x 162.6075pt>
File: imagenes/Cap4/sigmoid.png Graphic file (type png)
<use imagenes/Cap4/sigmoid.png>
Package pdftex.def Info: imagenes/Cap4/sigmoid.png  used on input line 190.
(pdftex.def)             Requested size: 206.01079pt x 103.97166pt.
<imagenes/Cap4/tanh.png, id=1027, 305.64188pt x 151.3153pt>
File: imagenes/Cap4/tanh.png Graphic file (type png)
<use imagenes/Cap4/tanh.png>
Package pdftex.def Info: imagenes/Cap4/tanh.png  used on input line 190.
(pdftex.def)             Requested size: 206.01079pt x 101.99026pt.
<imagenes/Cap4/relu.png, id=1028, 315.42844pt x 158.84344pt>
File: imagenes/Cap4/relu.png Graphic file (type png)
<use imagenes/Cap4/relu.png>
Package pdftex.def Info: imagenes/Cap4/relu.png  used on input line 190.
(pdftex.def)             Requested size: 206.01079pt x 103.74387pt.
<imagenes/Cap4/l_relu.png, id=1029, 303.38344pt x 161.85469pt>
File: imagenes/Cap4/l_relu.png Graphic file (type png)
<use imagenes/Cap4/l_relu.png>
Package pdftex.def Info: imagenes/Cap4/l_relu.png  used on input line 190.
(pdftex.def)             Requested size: 206.01079pt x 109.90906pt.
<imagenes/Cap4/elu.png, id=1030, 363.759pt x 318.59026pt>
File: imagenes/Cap4/elu.png Graphic file (type png)
<use imagenes/Cap4/elu.png>
Package pdftex.def Info: imagenes/Cap4/elu.png  used on input line 190.
(pdftex.def)             Requested size: 206.01079pt x 180.43163pt.
Package hyperref Info: bookmark level for unknown subfigure defaults to 0 on in
put line 191.

Overfull \hbox (6.829pt too wide) in paragraph at lines 222--224
\T1/phv/m/n/10.95 processing [][][]Dauphin, Fan, Auli, & Grangiera[][], [][]201
7[][]) and speech recognition tasks [][][]Mass, Hannun,
 []

[16] [17 <./imagenes/Cap4/sigmoid.png (PNG copy)> <./imagenes/Cap4/tanh.png (PN
G copy)> <./imagenes/Cap4/relu.png (PNG copy)> <./imagenes/Cap4/l_relu.png (PNG
 copy)> <./imagenes/Cap4/elu.png>] [18]
<imagenes/Cap4/arquitectura.png, id=1078, 929.4725pt x 516.93124pt>
File: imagenes/Cap4/arquitectura.png Graphic file (type png)
<use imagenes/Cap4/arquitectura.png>
Package pdftex.def Info: imagenes/Cap4/arquitectura.png  used on input line 302
.
(pdftex.def)             Requested size: 434.91322pt x 241.87709pt.
 [19 <./imagenes/Cap4/arquitectura.png>] [20]
<imagenes/Cap4/autoencoder.png, id=1097, 589.20125pt x 330.23375pt>
File: imagenes/Cap4/autoencoder.png Graphic file (type png)
<use imagenes/Cap4/autoencoder.png>
Package pdftex.def Info: imagenes/Cap4/autoencoder.png  used on input line 356.

(pdftex.def)             Requested size: 434.91322pt x 243.75941pt.

Overfull \hbox (13.80588pt too wide) in paragraph at lines 362--364
[]\T1/phv/m/n/10.95 Autoencoders are composed of two parts: the encoder and dec
oder. Encoder learns a compressed
 []


Overfull \hbox (0.31497pt too wide) in paragraph at lines 367--369
[]\T1/phv/m/n/10.95 The difference between input and reconstructed input is the
 reconstruction error. During training,
 []

[21 <./imagenes/Cap4/autoencoder.png>]
Overfull \hbox (22.52295pt too wide) in paragraph at lines 382--384
[]\T1/phv/m/n/10.95 By stacking multiple and different layers in a CNN, complex
 architectures are created for classification
 []


Overfull \hbox (30.09094pt too wide) in paragraph at lines 382--384
\T1/phv/m/n/10.95 problems. The four types of layers that are most common are: 
convolution layer, grouping/subsampling
 []

<imagenes/Cap4/cnn.png, id=1111, 692.5875pt x 234.1247pt>
File: imagenes/Cap4/cnn.png Graphic file (type png)
<use imagenes/Cap4/cnn.png>
Package pdftex.def Info: imagenes/Cap4/cnn.png  used on input line 386.
(pdftex.def)             Requested size: 434.91322pt x 147.02419pt.

Overfull \hbox (2.5825pt too wide) in paragraph at lines 399--401
\T1/phv/m/n/10.95 Recurrent Neural Networks (RNN[][][][][]) appear, which are a
 type of artificial neural network proposed
 []

[22 <./imagenes/Cap4/cnn.png>]
<imagenes/Cap4/rnn.png, id=1133, 767.11594pt x 231.86626pt>
File: imagenes/Cap4/rnn.png Graphic file (type png)
<use imagenes/Cap4/rnn.png>
Package pdftex.def Info: imagenes/Cap4/rnn.png  used on input line 413.
(pdftex.def)             Requested size: 434.91322pt x 131.45753pt.

Overfull \hbox (1.369pt too wide) in paragraph at lines 424--426
\T1/phv/m/n/10.95 board the problems of standard RNNs that were mentioned befor
e, adding additional interactions
 []


Overfull \hbox (14.86833pt too wide) in paragraph at lines 424--426
\T1/phv/m/n/10.95 per module (or cell). LSTMs are a special type of RNN, capabl
e of learning long-term dependencies
 []

[23 <./imagenes/Cap4/rnn.png (PNG copy)>]
<imagenes/Cap4/lstm.png, id=1157, 816.04875pt x 683.55376pt>
File: imagenes/Cap4/lstm.png Graphic file (type png)
<use imagenes/Cap4/lstm.png>
Package pdftex.def Info: imagenes/Cap4/lstm.png  used on input line 433.
(pdftex.def)             Requested size: 434.91322pt x 364.30522pt.
 [24 <./imagenes/Cap4/lstm.png>]
<imagenes/Cap4/gru.png, id=1169, 705.63625pt x 353.32pt>
File: imagenes/Cap4/gru.png Graphic file (type png)
<use imagenes/Cap4/gru.png>
Package pdftex.def Info: imagenes/Cap4/gru.png  used on input line 465.
(pdftex.def)             Requested size: 434.91322pt x 217.76762pt.

Overfull \hbox (3.16078pt too wide) in paragraph at lines 479--481
\T1/phv/m/n/10.95 One-Class SVM[][][][][] (OC-SVM) is a widely used approach to
 discover anomalies in an unsupervised
 []

[25 <./imagenes/Cap4/gru.png>]
<imagenes/Cap4/oc-svm.png, id=1183, 588.1975pt x 477.785pt>
File: imagenes/Cap4/oc-svm.png Graphic file (type png)
<use imagenes/Cap4/oc-svm.png>
Package pdftex.def Info: imagenes/Cap4/oc-svm.png  used on input line 488.
(pdftex.def)             Requested size: 206.01079pt x 167.33661pt.
 [26 <./imagenes/Cap4/oc-svm.png>]
<imagenes/Cap4/comp_if_ocsvm.png, id=1195, 234.8775pt x 438.13687pt>
File: imagenes/Cap4/comp_if_ocsvm.png Graphic file (type png)
<use imagenes/Cap4/comp_if_ocsvm.png>
Package pdftex.def Info: imagenes/Cap4/comp_if_ocsvm.png  used on input line 52
0.
(pdftex.def)             Requested size: 196.85274pt x 367.20346pt.
 [27 <./imagenes/Cap4/comp_if_ocsvm.png (PNG copy)>]
Overfull \hbox (10.2362pt too wide) in paragraph at lines 533--535
[]\T1/phv/m/n/10.95 The traditional method of autoencoder-based anomaly detecti
on is mainly based on reconstruction
 []


Overfull \hbox (5.58272pt too wide) in paragraph at lines 533--535
\T1/phv/m/n/10.95 when comparing whether the reconstruction score of an anomaly
 is above a predefined threshold,
 []

<imagenes/Cap4/autoencoder-anomaly.png, id=1214, 814.04124pt x 474.77374pt>
File: imagenes/Cap4/autoencoder-anomaly.png Graphic file (type png)
<use imagenes/Cap4/autoencoder-anomaly.png>
Package pdftex.def Info: imagenes/Cap4/autoencoder-anomaly.png  used on input l
ine 547.
(pdftex.def)             Requested size: 434.91322pt x 253.65009pt.
[28 <./imagenes/Cap4/autoencoder-anomaly.png>] [29] [30]
<imagenes/Cap4/auc_roc.png, id=1243, 362.35374pt x 331.2375pt>
File: imagenes/Cap4/auc_roc.png Graphic file (type png)
<use imagenes/Cap4/auc_roc.png>
Package pdftex.def Info: imagenes/Cap4/auc_roc.png  used on input line 675.
(pdftex.def)             Requested size: 297.57036pt x 272.02084pt.


LaTeX Warning: `!h' float specifier changed to `!ht'.

[31]) [32 <./imagenes/Cap4/auc_roc.png (PNG copy)>]
\openout2 = `capitulos/capitulo3.aux'.

 (./capitulos/capitulo3.tex
Chapter 4.

Package hyperref Warning: Token not allowed in a PDF string (Unicode):
(hyperref)                removing `\uppercase' on input line 3.


Overfull \hbox (31.21915pt too wide) in paragraph at lines 16--18
\T1/phv/m/n/10.95 that vehicles install additional devices, which implies a hig
her cost. To overcome these inconveniences,
 []


Overfull \hbox (2.08336pt too wide) in paragraph at lines 16--18
\T1/phv/m/n/10.95 integrated sensors, such as inertial sensors (accelerometers 
and gyroscopes), global positioning
 []


Overfull \hbox (7.53035pt too wide) in paragraph at lines 16--18
\T1/phv/m/n/10.95 systems (GPS), magnetometers, microphones, sensors Image (cam
eras), light sensors, proximity
 []


Overfull \hbox (7.65659pt too wide) in paragraph at lines 21--23
\T1/phv/m/n/10.95 information, for reasons presented above, with this approach 
an Android-based mobile application
 []

<imagenes/Cap3/captura.png, id=1266, 847.165pt x 371.3875pt>
File: imagenes/Cap3/captura.png Graphic file (type png)
<use imagenes/Cap3/captura.png>
Package pdftex.def Info: imagenes/Cap3/captura.png  used on input line 27.
(pdftex.def)             Requested size: 434.91322pt x 190.6575pt.

LaTeX Warning: `!h' float specifier changed to `!ht'.

1: section
[33



]
<imagenes/Cap3/soporte.png, id=1275, 548.80031pt x 283.0575pt>
File: imagenes/Cap3/soporte.png Graphic file (type png)
<use imagenes/Cap3/soporte.png>
Package pdftex.def Info: imagenes/Cap3/soporte.png  used on input line 40.
(pdftex.def)             Requested size: 297.57036pt x 153.48367pt.
<imagenes/Cap3/dataset.png, id=1277, 548.0475pt x 149.8097pt>
File: imagenes/Cap3/dataset.png Graphic file (type png)
<use imagenes/Cap3/dataset.png>
Package pdftex.def Info: imagenes/Cap3/dataset.png  used on input line 50.
(pdftex.def)             Requested size: 434.91322pt x 118.88553pt.


LaTeX Warning: `!h' float specifier changed to `!ht'.

[34 <./imagenes/Cap3/captura.png> <./imagenes/Cap3/soporte.png (PNG copy)>]
Overfull \hbox (5.91144pt too wide) in paragraph at lines 85--87
[]\T1/phv/m/n/10.95 Fragments of obtained captures by mobile device of the same
 user (agent) from different positions
 []

<imagenes/Cap3/horizontal.png, id=1287, 420.82219pt x 335.00156pt>
File: imagenes/Cap3/horizontal.png Graphic file (type png)
<use imagenes/Cap3/horizontal.png>
Package pdftex.def Info: imagenes/Cap3/horizontal.png  used on input line 102.
(pdftex.def)             Requested size: 215.16884pt x 171.28813pt.
<imagenes/Cap3/vertical.png, id=1288, 348.55219pt x 269.50688pt>
File: imagenes/Cap3/vertical.png Graphic file (type png)
<use imagenes/Cap3/vertical.png>
Package pdftex.def Info: imagenes/Cap3/vertical.png  used on input line 102.
(pdftex.def)             Requested size: 215.16884pt x 166.37286pt.
[35 <./imagenes/Cap3/dataset.png (PNG copy)>]
Overfull \hbox (0.74356pt too wide) in paragraph at lines 127--129
\T1/phv/m/n/10.95 Many real-world data sets may contain missing values for diff
erent reasons; which can drastically
 []

[36 <./imagenes/Cap3/horizontal.png (PNG copy)> <./imagenes/Cap3/vertical.png (
PNG copy)>]
<imagenes/Cap3/histograma_sensores.png, id=1304, 462.528pt x 346.896pt>
File: imagenes/Cap3/histograma_sensores.png Graphic file (type png)
<use imagenes/Cap3/histograma_sensores.png>
Package pdftex.def Info: imagenes/Cap3/histograma_sensores.png  used on input l
ine 164.
(pdftex.def)             Requested size: 444.07127pt x 333.06929pt.


LaTeX Warning: `!h' float specifier changed to `!ht'.

<imagenes/Cap3/describe_data.png, id=1306, 491.58656pt x 172.39406pt>
File: imagenes/Cap3/describe_data.png Graphic file (type png)
<use imagenes/Cap3/describe_data.png>
Package pdftex.def Info: imagenes/Cap3/describe_data.png  used on input line 17
6.
(pdftex.def)             Requested size: 444.07127pt x 155.73718pt.

LaTeX Warning: `!h' float specifier changed to `!ht'.

[37] [38 <./imagenes/Cap3/histograma_sensores.png> <./imagenes/Cap3/describe_da
ta.png (PNG copy)>]
<imagenes/Cap3/68-95-99_rule.png, id=1318, 632.3625pt x 310.91156pt>
File: imagenes/Cap3/68-95-99_rule.png Graphic file (type png)
<use imagenes/Cap3/68-95-99_rule.png>
Package pdftex.def Info: imagenes/Cap3/68-95-99_rule.png  used on input line 19
3.
(pdftex.def)             Requested size: 444.07127pt x 218.33871pt.
<imagenes/Cap3/68-95-99_rule_acc_z.png, id=1324, 1006.76125pt x 626.34pt>
File: imagenes/Cap3/68-95-99_rule_acc_z.png Graphic file (type png)
<use imagenes/Cap3/68-95-99_rule_acc_z.png>
Package pdftex.def Info: imagenes/Cap3/68-95-99_rule_acc_z.png  used on input l
ine 203.
(pdftex.def)             Requested size: 444.07127pt x 276.269pt.


LaTeX Warning: `!h' float specifier changed to `!ht'.

[39 <./imagenes/Cap3/68-95-99_rule.png (PNG copy)>]
Overfull \hbox (3.99535pt too wide) in paragraph at lines 232--234
\T1/phv/m/n/10.95 and may also be adequate when there are fewer features but st
ill contain hidden information
 []


Overfull \hbox (0.1428pt too wide) in paragraph at lines 235--237
\T1/phv/m/n/10.95 example, KNN[][][][][], K-Means [][][][][], which is used for
 clustering. This algorithm is able to gradually
 []

[40 <./imagenes/Cap3/68-95-99_rule_acc_z.png>] [41]
Overfull \hbox (7.0188pt too wide) in paragraph at lines 284--286
[]\T1/phv/m/n/10.95 PCA is an unsupervised and non-parametric statistical techn
ique, which is used for dimensionality
 []


Overfull \hbox (9.78468pt too wide) in paragraph at lines 313--314
[]\T1/phv/m/n/10.95 Select \T1/phv/m/sl/10.95 k \T1/phv/m/n/10.95 eigenvectors 
that correspond to \T1/phv/m/sl/10.95 k \T1/phv/m/n/10.95 largest eigenvalues, 
where \T1/phv/m/sl/10.95 k \T1/phv/m/n/10.95 is the dimensionality
 []

LaTeX Font Info:    Font shape `T1/phv/bx/it' in size <10.95> not available
(Font)              Font shape `T1/phv/b/it' tried instead on input line 321.
LaTeX Font Info:    Font shape `T1/phv/b/it' in size <10.95> not available
(Font)              Font shape `T1/phv/b/sl' tried instead on input line 321.
<imagenes/Cap3/train-dev-test.png, id=1353, 770.88pt x 213.79875pt>
File: imagenes/Cap3/train-dev-test.png Graphic file (type png)
<use imagenes/Cap3/train-dev-test.png>
Package pdftex.def Info: imagenes/Cap3/train-dev-test.png  used on input line 3
33.
(pdftex.def)             Requested size: 444.07127pt x 123.15842pt.

LaTeX Warning: `!h' float specifier changed to `!ht'.

[42]
Overfull \hbox (8.82588pt too wide) in paragraph at lines 344--346
[]\T1/phv/m/n/10.95 On the other hand, the size of development and test set mus
t be large enough so that development
 []


LaTeX Warning: No positions in optional float specifier.
               Default added (so using `tbp') on input line 362.

[43 <./imagenes/Cap3/train-dev-test.png>]
<imagenes/Cap3/datos_sin_preprocesamiento.png, id=1384, 426.09187pt x 316.93407
pt>
File: imagenes/Cap3/datos_sin_preprocesamiento.png Graphic file (type png)
<use imagenes/Cap3/datos_sin_preprocesamiento.png>
Package pdftex.def Info: imagenes/Cap3/datos_sin_preprocesamiento.png  used on 
input line 385.
(pdftex.def)             Requested size: 228.90244pt x 170.26169pt.
<imagenes/Cap3/datos_minmax_scaler.png, id=1385, 450.18187pt x 326.72063pt>
File: imagenes/Cap3/datos_minmax_scaler.png Graphic file (type png)
<use imagenes/Cap3/datos_minmax_scaler.png>
Package pdftex.def Info: imagenes/Cap3/datos_minmax_scaler.png  used on input l
ine 420.
(pdftex.def)             Requested size: 206.01079pt x 149.5156pt.
<imagenes/Cap3/datos_standard_scaler.png, id=1386, 438.13687pt x 325.215pt>
File: imagenes/Cap3/datos_standard_scaler.png Graphic file (type png)
<use imagenes/Cap3/datos_standard_scaler.png>
Package pdftex.def Info: imagenes/Cap3/datos_standard_scaler.png  used on input
 line 420.
(pdftex.def)             Requested size: 206.01079pt x 152.91557pt.
<imagenes/Cap3/datos_max_scaler.png, id=1387, 435.12563pt x 321.45094pt>
File: imagenes/Cap3/datos_max_scaler.png Graphic file (type png)
<use imagenes/Cap3/datos_max_scaler.png>
Package pdftex.def Info: imagenes/Cap3/datos_max_scaler.png  used on input line
 420.
(pdftex.def)             Requested size: 206.01079pt x 152.19537pt.
<imagenes/Cap3/datos_robust_scaler.png, id=1388, 440.39531pt x 325.96782pt>
File: imagenes/Cap3/datos_robust_scaler.png Graphic file (type png)
<use imagenes/Cap3/datos_robust_scaler.png>
Package pdftex.def Info: imagenes/Cap3/datos_robust_scaler.png  used on input l
ine 420.
(pdftex.def)             Requested size: 206.01079pt x 152.48367pt.
 [44 <./imagenes/Cap3/datos_sin_preprocesamiento.png (PNG copy)>] [45 <./imagen
es/Cap3/datos_minmax_scaler.png (PNG copy)> <./imagenes/Cap3/datos_standard_sca
ler.png (PNG copy)> <./imagenes/Cap3/datos_max_scaler.png (PNG copy)> <./imagen
es/Cap3/datos_robust_scaler.png (PNG copy)>]
Overfull \hbox (10.5546pt too wide) in paragraph at lines 447--449
\T1/phv/b/n/10.95 method on the maximum value \T1/phv/m/n/10.95 will be complet
ely discarded first because the results it presented
 []

[46] [47]
1: section
<imagenes/Cap3/pca.png, id=1412, 462.528pt x 346.896pt>
File: imagenes/Cap3/pca.png Graphic file (type png)
<use imagenes/Cap3/pca.png>
Package pdftex.def Info: imagenes/Cap3/pca.png  used on input line 516.
(pdftex.def)             Requested size: 343.35365pt x 257.53004pt.

LaTeX Warning: `!h' float specifier changed to `!ht'.


Overfull \hbox (7.98557pt too wide) in paragraph at lines 529--531
[]\T1/phv/m/n/10.95 In various researches ([][][]Zenon[][], [][]2011[][]; [][][
]Klos & Waszczyszyn[][], [][]2011[][]) it was proven that the application
 []

) [48


] [49 <./imagenes/Cap3/pca.png>]
\openout2 = `capitulos/capitulo5.aux'.

 (./capitulos/capitulo5.tex [50



]
Chapter 5.

Package hyperref Warning: Token not allowed in a PDF string (Unicode):
(hyperref)                removing `\uppercase' on input line 1.


Overfull \hbox (10.24706pt too wide) in paragraph at lines 21--23
\T1/phv/m/sc/10.95 SEABORN\T1/phv/m/n/10.95 , etc. as for the experiments' deve
lopment and the generation of detection mechanism,
 []

1: section
[51]
Overfull \hbox (1.32538pt too wide) in paragraph at lines 45--47
[]\T1/phv/m/n/10.95 Although there is a large amount of normal data, it is nece
ssary to collect samples corresponding
 []


Overfull \hbox (3.53737pt too wide) in paragraph at lines 63--65
[]\T1/phv/m/n/10.95 As mentioned in previous paragraph, anomaly set was capture
d to validate the proposed method,
 []

<imagenes/Cap4/pca3-2.png, id=1441, 469.755pt x 349.305pt>
File: imagenes/Cap4/pca3-2.png Graphic file (type png)
<use imagenes/Cap4/pca3-2.png>
Package pdftex.def Info: imagenes/Cap4/pca3-2.png  used on input line 100.
(pdftex.def)             Requested size: 206.01079pt x 153.18832pt.
<imagenes/Cap4/pca3-3.png, id=1442, 492.33937pt x 348.55219pt>
File: imagenes/Cap4/pca3-3.png Graphic file (type png)
<use imagenes/Cap4/pca3-3.png>
Package pdftex.def Info: imagenes/Cap4/pca3-3.png  used on input line 100.
(pdftex.def)             Requested size: 206.01079pt x 145.84842pt.
<imagenes/Cap4/pca3-4.png, id=1443, 487.06969pt x 350.81062pt>
File: imagenes/Cap4/pca3-4.png Graphic file (type png)
<use imagenes/Cap4/pca3-4.png>
Package pdftex.def Info: imagenes/Cap4/pca3-4.png  used on input line 100.
(pdftex.def)             Requested size: 206.01079pt x 148.37791pt.
<imagenes/Cap4/pca3-5.png, id=1444, 480.29437pt x 350.05782pt>
File: imagenes/Cap4/pca3-5.png Graphic file (type png)
<use imagenes/Cap4/pca3-5.png>
Package pdftex.def Info: imagenes/Cap4/pca3-5.png  used on input line 100.
(pdftex.def)             Requested size: 206.01079pt x 150.14801pt.
[52]
Underfull \hbox (badness 10000) in paragraph at lines 120--120
[]|\T1/phv/m/n/10.95 Detection method based on autoencoders and
 []

[53 <./imagenes/Cap4/pca3-2.png (PNG copy)> <./imagenes/Cap4/pca3-3.png (PNG co
py)> <./imagenes/Cap4/pca3-4.png (PNG copy)> <./imagenes/Cap4/pca3-5.png (PNG c
opy)>]
Overfull \hbox (9.20961pt too wide) in paragraph at lines 145--147
\T1/phv/m/n/10.95 has an input layer, an Flattening layer (Flatten) this becaus
e input layer receives a two-dimensional
 []

[54] [55] [56]
<imagenes/Cap5/resultado_nn.png, id=1471, 1011.78pt x 289.08pt>
File: imagenes/Cap5/resultado_nn.png Graphic file (type png)
<use imagenes/Cap5/resultado_nn.png>
Package pdftex.def Info: imagenes/Cap5/resultado_nn.png  used on input line 286
.
(pdftex.def)             Requested size: 453.22932pt x 129.49371pt.
LaTeX Font Info:    Font shape `T1/phv/bx/n' in size <10> not available
(Font)              Font shape `T1/phv/b/n' tried instead on input line 286.
<imagenes/Cap5/resultado_cnn.png, id=1472, 1011.78pt x 289.08pt>
File: imagenes/Cap5/resultado_cnn.png Graphic file (type png)
<use imagenes/Cap5/resultado_cnn.png>
Package pdftex.def Info: imagenes/Cap5/resultado_cnn.png  used on input line 28
6.
(pdftex.def)             Requested size: 453.22932pt x 129.49371pt.
<imagenes/Cap5/resultado_rnn.png, id=1473, 1011.78pt x 289.08pt>
File: imagenes/Cap5/resultado_rnn.png Graphic file (type png)
<use imagenes/Cap5/resultado_rnn.png>
Package pdftex.def Info: imagenes/Cap5/resultado_rnn.png  used on input line 28
6.
(pdftex.def)             Requested size: 453.22932pt x 129.49371pt.

Overfull \hbox (2.22444pt too wide) in paragraph at lines 286--287
 [][] 
 []

<imagenes/Cap5/codos.png, id=1476, 462.528pt x 346.896pt>
File: imagenes/Cap5/codos.png Graphic file (type png)
<use imagenes/Cap5/codos.png>
Package pdftex.def Info: imagenes/Cap5/codos.png  used on input line 318.
(pdftex.def)             Requested size: 343.35365pt x 257.53004pt.
[57] [58 <./imagenes/Cap5/resultado_nn.png> <./imagenes/Cap5/resultado_cnn.png>
 <./imagenes/Cap5/resultado_rnn.png>]
<imagenes/Cap5/zoom_codos.png, id=1491, 873.2625pt x 607.26875pt>
File: imagenes/Cap5/zoom_codos.png Graphic file (type png)
<use imagenes/Cap5/zoom_codos.png>
Package pdftex.def Info: imagenes/Cap5/zoom_codos.png  used on input line 339.
(pdftex.def)             Requested size: 343.35365pt x 238.7705pt.
 [59 <./imagenes/Cap5/codos.png>] [60 <./imagenes/Cap5/zoom_codos.png>]
<imagenes/Cap5/isolation-forest.png, id=1505, 513.41812pt x 400.49625pt>
File: imagenes/Cap5/isolation-forest.png Graphic file (type png)
<use imagenes/Cap5/isolation-forest.png>
Package pdftex.def Info: imagenes/Cap5/isolation-forest.png  used on input line
 377.
(pdftex.def)             Requested size: 343.35365pt x 267.83609pt.
<imagenes/Cap5/autoencoder.png, id=1511, 964.60374pt x 755.82375pt>
File: imagenes/Cap5/autoencoder.png Graphic file (type png)
<use imagenes/Cap5/autoencoder.png>
Package pdftex.def Info: imagenes/Cap5/autoencoder.png  used on input line 393.

(pdftex.def)             Requested size: 343.35365pt x 269.02858pt.
 [61 <./imagenes/Cap5/isolation-forest.png (PNG copy)>]
Overfull \hbox (11.80455pt too wide) in paragraph at lines 399--401
\T1/phv/m/n/10.95 investigation, several tests were carried out with different 
values for contamination parameter.
 []


Underfull \hbox (badness 2005) in paragraph at lines 413--413
 []\T1/phv/m/sc/10 Table 5.8: |\T1/phv/m/n/10 Evaluation of anomalies' detectio
n using Isolation forest for 
 []


Overfull \hbox (13.40132pt too wide) in paragraph at lines 417--419
\T1/phv/m/n/10.95 was performed with the difference of the input values with th
e values obtained by autoencoder
 []

[62 <./imagenes/Cap5/autoencoder.png>]
<imagenes/Cap5/error.png, id=1525, 945.5325pt x 268.00125pt>
File: imagenes/Cap5/error.png Graphic file (type png)
<use imagenes/Cap5/error.png>
Package pdftex.def Info: imagenes/Cap5/error.png  used on input line 422.
(pdftex.def)             Requested size: 343.35365pt x 97.32277pt.

Underfull \hbox (badness 3657) in paragraph at lines 438--438
 []\T1/phv/m/sc/10 Table 5.9: |\T1/phv/m/n/10 Evaluation of anomaly detection u
sing Isolation forest for 
 []

[63 <./imagenes/Cap5/error.png>]
Underfull \hbox (badness 4595) in paragraph at lines 481--481
 []\T1/phv/m/sc/10 Table 5.11: |\T1/phv/m/n/10 Anomaly detection evaluation usi
ng One-Class SVM for 
 []


Overfull \hbox (4.2214pt too wide) in paragraph at lines 486--488
\T1/phv/m/n/10.95 detected correctly, was significantly increased, however, it 
drastically reduced the specificity
 []


Underfull \hbox (badness 10000) in paragraph at lines 502--502
[]|\T1/phv/m/n/10.95 Thresholding with
 []


Underfull \hbox (badness 10000) in paragraph at lines 503--503
[]|\T1/phv/m/n/10.95 Isolation Forest for
 []


Underfull \hbox (badness 10000) in paragraph at lines 503--503
\T1/phv/m/n/10.95 reconstruction errors
 []


Underfull \hbox (badness 10000) in paragraph at lines 504--504
[]|\T1/phv/m/n/10.95 One-Class SVM for
 []


Underfull \hbox (badness 10000) in paragraph at lines 504--504
\T1/phv/m/n/10.95 reconstruction errors
 []


Underfull \hbox (badness 2126) in paragraph at lines 507--507
 []\T1/phv/m/sc/10 Table 5.12: |\T1/phv/m/n/10 Comparison of the best anomaly d
etection methods (own 
 []


Overfull \hbox (19.7323pt too wide) in paragraph at lines 522--524
\T1/phv/m/n/10.95 expected from dataset, this is much more advantageous than th
e search for elbows with thresholding
 []

[64]
<imagenes/Cap5/mecanismo.png, id=1543, 1131.22626pt x 1158.3275pt>
File: imagenes/Cap5/mecanismo.png Graphic file (type png)
<use imagenes/Cap5/mecanismo.png>
Package pdftex.def Info: imagenes/Cap5/mecanismo.png  used on input line 532.
(pdftex.def)             Requested size: 421.17964pt x 431.26102pt.
 [65]

! Package inputenc Error: Unicode character â (U+200B)
(inputenc)                not set up for use with LaTeX.

See the inputenc package documentation for explanation.
Type  H <return>  for immediate help.
 ...                                              
                                                  
l.537 ... which can return two types of values â
                                                  â(-1 , 1); when this mod...

You may provide a definition with
\DeclareUnicodeCharacter 


! Package inputenc Error: Unicode character â (U+200B)
(inputenc)                not set up for use with LaTeX.

See the inputenc package documentation for explanation.
Type  H <return>  for immediate help.
 ...                                              
                                                  
l.537 ...ich can return two types of values ââ
                                                  (-1 , 1); when this model ...

You may provide a definition with
\DeclareUnicodeCharacter 


Overfull \hbox (3.92125pt too wide) in paragraph at lines 537--539
\T1/phv/m/n/10.95 mechanism works in a very simple way, firstly the autoencoder
 is provided with an input sequence
 []

) [66 <./imagenes/Cap5/mecanismo.png>]
\openout2 = `capitulos/capitulo6.aux'.

 (./capitulos/capitulo6.tex
Chapter 6.

Package hyperref Warning: Token not allowed in a PDF string (Unicode):
(hyperref)                removing `\uppercase' on input line 1.


Overfull \hbox (4.38295pt too wide) in paragraph at lines 28--30
\T1/phv/m/n/10.95 used in the development of normal behavior model generation, 
that is, with 30,000 samples. 
 []

1: section
[67



]

! Package inputenc Error: Unicode character â (U+2212)
(inputenc)                not set up for use with LaTeX.

See the inputenc package documentation for explanation.
Type  H <return>  for immediate help.
 ...                                              
                                                  
l.43 ... positive rate for normal class is $100â
                                                  99.20\% = 0.80\%$.
You may provide a definition with
\DeclareUnicodeCharacter 

<imagenes/Cap5/zig_zag1.png, id=1559, 553.06625pt x 415.5525pt>
File: imagenes/Cap5/zig_zag1.png Graphic file (type png)
<use imagenes/Cap5/zig_zag1.png>
Package pdftex.def Info: imagenes/Cap5/zig_zag1.png  used on input line 94.
(pdftex.def)             Requested size: 206.01079pt x 154.78557pt.
<imagenes/Cap5/zig_zag2.png, id=1560, 553.06625pt x 415.5525pt>
File: imagenes/Cap5/zig_zag2.png Graphic file (type png)
<use imagenes/Cap5/zig_zag2.png>
Package pdftex.def Info: imagenes/Cap5/zig_zag2.png  used on input line 94.
(pdftex.def)             Requested size: 206.01079pt x 154.78557pt.
<imagenes/Cap5/zig_zag3.png, id=1561, 553.06625pt x 415.5525pt>
File: imagenes/Cap5/zig_zag3.png Graphic file (type png)
<use imagenes/Cap5/zig_zag3.png>
Package pdftex.def Info: imagenes/Cap5/zig_zag3.png  used on input line 94.
(pdftex.def)             Requested size: 206.01079pt x 154.78557pt.
[68] [69 <./imagenes/Cap5/zig_zag1.png> <./imagenes/Cap5/zig_zag2.png> <./image
nes/Cap5/zig_zag3.png>]
<imagenes/Cap5/giro1.png, id=1578, 553.06625pt x 415.5525pt>
File: imagenes/Cap5/giro1.png Graphic file (type png)
<use imagenes/Cap5/giro1.png>
Package pdftex.def Info: imagenes/Cap5/giro1.png  used on input line 149.
(pdftex.def)             Requested size: 206.01079pt x 154.78557pt.
<imagenes/Cap5/giro2.png, id=1579, 553.06625pt x 415.5525pt>
File: imagenes/Cap5/giro2.png Graphic file (type png)
<use imagenes/Cap5/giro2.png>
Package pdftex.def Info: imagenes/Cap5/giro2.png  used on input line 149.
(pdftex.def)             Requested size: 206.01079pt x 154.78557pt.
<imagenes/Cap5/giro3.png, id=1580, 553.06625pt x 415.5525pt>
File: imagenes/Cap5/giro3.png Graphic file (type png)
<use imagenes/Cap5/giro3.png>
Package pdftex.def Info: imagenes/Cap5/giro3.png  used on input line 149.
(pdftex.def)             Requested size: 206.01079pt x 154.78557pt.
 [70] [71 <./imagenes/Cap5/giro1.png> <./imagenes/Cap5/giro2.png> <./imagenes/C
ap5/giro3.png>]
<imagenes/Cap5/freno1.png, id=1597, 553.06625pt x 415.5525pt>
File: imagenes/Cap5/freno1.png Graphic file (type png)
<use imagenes/Cap5/freno1.png>
Package pdftex.def Info: imagenes/Cap5/freno1.png  used on input line 194.
(pdftex.def)             Requested size: 206.01079pt x 154.78557pt.
<imagenes/Cap5/freno2.png, id=1598, 553.06625pt x 415.5525pt>
File: imagenes/Cap5/freno2.png Graphic file (type png)
<use imagenes/Cap5/freno2.png>
Package pdftex.def Info: imagenes/Cap5/freno2.png  used on input line 194.
(pdftex.def)             Requested size: 206.01079pt x 154.78557pt.
<imagenes/Cap5/freno3.png, id=1599, 566.115pt x 423.5825pt>
File: imagenes/Cap5/freno3.png Graphic file (type png)
<use imagenes/Cap5/freno3.png>
Package pdftex.def Info: imagenes/Cap5/freno3.png  used on input line 194.
(pdftex.def)             Requested size: 206.01079pt x 154.13773pt.

Underfull \hbox (badness 2197) in paragraph at lines 195--195
 []\T1/phv/m/sc/10 Figure 6.3: |\T1/phv/m/n/10 Results of anomalies' detection 
of type dry brakes (Own 
 []

[72 <./imagenes/Cap5/freno1.png> <./imagenes/Cap5/freno2.png> <./imagenes/Cap5/
freno3.png>]
<imagenes/Cap5/fp1.png, id=1612, 553.06625pt x 415.5525pt>
File: imagenes/Cap5/fp1.png Graphic file (type png)
<use imagenes/Cap5/fp1.png>
Package pdftex.def Info: imagenes/Cap5/fp1.png  used on input line 239.
(pdftex.def)             Requested size: 206.01079pt x 154.78557pt.
<imagenes/Cap5/fp2.png, id=1613, 553.06625pt x 415.5525pt>
File: imagenes/Cap5/fp2.png Graphic file (type png)
<use imagenes/Cap5/fp2.png>
Package pdftex.def Info: imagenes/Cap5/fp2.png  used on input line 239.
(pdftex.def)             Requested size: 206.01079pt x 154.78557pt.
<imagenes/Cap5/fp3.png, id=1614, 553.06625pt x 415.5525pt>
File: imagenes/Cap5/fp3.png Graphic file (type png)
<use imagenes/Cap5/fp3.png>
Package pdftex.def Info: imagenes/Cap5/fp3.png  used on input line 239.
(pdftex.def)             Requested size: 206.01079pt x 154.78557pt.
) [73 <./imagenes/Cap5/fp1.png> <./imagenes/Cap5/fp2.png> <./imagenes/Cap5/fp3.
png>]
\openout2 = `capitulos/capitulo7.aux'.

 (./capitulos/capitulo7.tex [74



]
Chapter 7.

Package hyperref Warning: Token not allowed in a PDF string (Unicode):
(hyperref)                removing `\uppercase' on input line 1.


Overfull \hbox (1.4567pt too wide) in paragraph at lines 4--5
\T1/phv/m/n/10.95 Después de haber realizado el procedimiento descrito en los a
nteriores capítulos, con el objetivo
 []

1: section
[75]
Overfull \hbox (9.418pt too wide) in paragraph at lines 20--21
\T1/phv/m/n/10.95 el modelo del comportamiento normal, donde la red más simple 
logró los mejores resultados
 []


Overfull \hbox (22.13937pt too wide) in paragraph at lines 20--21
\T1/phv/m/n/10.95 tanto en precisión como en el tiempo empleado durante el proc
eso de predicción; demostrando
 []


Overfull \hbox (18.86757pt too wide) in paragraph at lines 23--24
\T1/phv/m/n/10.95 detección del 67.68% de las muestras, que presentan anomalías
 en el conjunto de evaluación,
 []


Overfull \hbox (7.78603pt too wide) in paragraph at lines 30--31
\T1/phv/m/n/10.95 Una vez concluido el trabajo de investigación, se considera i
nteresante investigar sobre diferentes
 []


Overfull \hbox (13.97034pt too wide) in paragraph at lines 33--34
\T1/phv/m/n/10.95 a que esto podría brindar un mejor entendimiento del comporta
miento normal de conducción,
 []


Overfull \hbox (21.95445pt too wide) in paragraph at lines 35--37
\T1/phv/m/n/10.95 giros en U a alta velocidad, entre otros. Esto debido a que e
l estudio se limitó al reconocimiento
 []

[76]
Overfull \hbox (22.73093pt too wide) in paragraph at lines 39--40
[]\T1/phv/m/n/10.95 Implementar un sistema de información para monitorear las a
nomalías mediante el mecanismo
 []

) [77] [78


] (./main.bbl
LaTeX Font Info:    Try loading font information for T1+cmtt on input line 24.
 (/usr/share/texlive/texmf-dist/tex/latex/base/t1cmtt.fd
File: t1cmtt.fd 2014/09/29 v2.5h Standard LaTeX font definitions
)
Underfull \hbox (badness 10000) in paragraph at lines 71--91
\T1/phv/m/n/10.95 from [][]$\T1/cmtt/m/n/10.95 https :// www [] .researchgate [
] .net / publication / 261309792 [] []Driving [] []coach [] []A []
 []


Underfull \hbox (badness 3354) in paragraph at lines 218--235
[]\T1/phv/m/n/10.95 Boonmee, S., & Tangamchit, P.  (2009, 5).  Portable reckles
s driving detection
 []


Underfull \hbox (badness 3492) in paragraph at lines 218--235
\T1/phv/m/n/10.95 system.  \T1/phv/m/sl/10.95 Proceedings of the 6th IEEE Inter
national Conference on Electrical
 []


Underfull \hbox (badness 10000) in paragraph at lines 251--273
\T1/cmtt/m/n/10.95 papers / D3 [] -Abnormal % 20Driving % 20Behaviors % 20Detec
tion % 20and % 20Identification %
 []

1: section
[79

]
Underfull \hbox (badness 1735) in paragraph at lines 383--397
[]\T1/phv/m/n/10.95 de Salud (OMS), O. M.  (n.d.[]).  \T1/phv/m/sl/10.95 Inform
e de la situación mundial de la seguridad
 []


Underfull \hbox (badness 5637) in paragraph at lines 499--513
[]\T1/phv/m/n/10.95 Galarnyk, M.  (n.d.[]).  \T1/phv/m/sl/10.95 Explaining the 
68-95-99.7 rule for a normal distribution.
 []


Underfull \hbox (badness 10000) in paragraph at lines 499--513
[][]$\T1/cmtt/m/n/10.95 https :// towardsdatascience [] .com / understanding []
 -the [] -68 [] -95 [] -99 [] -7 [] -rule [] -for [] -a []
 []


Underfull \hbox (badness 10000) in paragraph at lines 650--664
\T1/cmtt/m/n/10.95 @jayeshbahire / the [] -artificial [] -neural [] -networks [
] -handbook [] -part [] -4 [] -d2087d1f583e$[][]\T1/phv/m/n/10.95 .
 []

[80]
Underfull \hbox (badness 1859) in paragraph at lines 1004--1016
[]\T1/phv/m/n/10.95 Olah, C.  (n.d.[]).  \T1/phv/m/sl/10.95 Understanding lstm 
networks.  \T1/phv/m/n/10.95 http://colah.github.io/posts/2015-08-
 []


Underfull \hbox (badness 1742) in paragraph at lines 1028--1042
[]\T1/phv/m/n/10.95 Özler, H.  (n.d.[]).  \T1/phv/m/sl/10.95 Accuracy trap! pay
 attention to recall, precision, f-score, auc.
 []


Underfull \hbox (badness 10000) in paragraph at lines 1028--1042
\T1/phv/m/n/10.95 https://medium.com/datadriveninvestor/accuracy-trap-pay-atten
tion-to-recall-precision-f-
 []


Underfull \hbox (badness 10000) in paragraph at lines 1085--1100
[]\T1/phv/m/n/10.95 Pyle, D.  (1999).  \T1/phv/m/sl/10.95 Data preparation for 
data mining\T1/phv/m/n/10.95 .  Morgan Kaufmann
 []


Underfull \hbox (badness 10000) in paragraph at lines 1085--1100
\T1/phv/m/n/10.95 Publishers, Inc.  Retrieved from [][]$\T1/cmtt/m/n/10.95 http
s :// pdfs [] .semanticscholar [] .org / 470a /
 []


Underfull \hbox (badness 2376) in paragraph at lines 1197--1213
[]\T1/phv/m/n/10.95 Shai, S., & Shai, B.  (2014).  \T1/phv/m/sl/10.95 Understan
ding machine learning: From theory to
 []


Underfull \hbox (badness 10000) in paragraph at lines 1197--1213
\T1/cmtt/m/n/10.95 ~shais / UnderstandingMachineLearning / understanding [] -ma
chine [] -learning [] -theory []
 []

[81]
Underfull \hbox (badness 1748) in paragraph at lines 1433--1448
[]\T1/phv/m/n/10.95 Wolpher, M.  (n.d.[]).  \T1/phv/m/sl/10.95 Anomaly detectio
n in unstructured time series data using an
 []


Underfull \hbox (badness 10000) in paragraph at lines 1493--1507
[]\T1/phv/m/n/10.95 Yan, S.  (n.d.[]).  \T1/phv/m/sl/10.95 Understanding lstm a
nd its diagrams.
 []


Underfull \hbox (badness 10000) in paragraph at lines 1493--1507
\T1/phv/m/n/10.95 https://medium.com/mlreview/understanding-lstm-and-its-diagra
ms-37e2f46f1714.
 []

[82]) [83]
\openout2 = `apendices/apendiceA.aux'.

 (./apendices/apendiceA.tex [84


]
Appendix A.
1: section
[85]
Underfull \hbox (badness 3281) in paragraph at lines 101--101
 []\T1/phv/m/sc/10 Table A.3: |\T1/phv/m/n/10 Arquitectura convolucional para 3
 componentes principales 
 []

[86]) [87] [88]
\openout2 = `apendices/apendiceB.aux'.

 (./apendices/apendiceB.tex
Appendix B.
<imagenes/Apendices/Arquitectura.png, id=1770, 1323.94624pt x 439.6425pt>
File: imagenes/Apendices/Arquitectura.png Graphic file (type png)
<use imagenes/Apendices/Arquitectura.png>
Package pdftex.def Info: imagenes/Apendices/Arquitectura.png  used on input lin
e 13.
(pdftex.def)             Requested size: 434.91322pt x 144.41833pt.
<imagenes/Apendices/arquitectura_logica.png, id=1772, 799.98875pt x 346.29375pt
>
File: imagenes/Apendices/arquitectura_logica.png Graphic file (type png)
<use imagenes/Apendices/arquitectura_logica.png>
Package pdftex.def Info: imagenes/Apendices/arquitectura_logica.png  used on in
put line 24.
(pdftex.def)             Requested size: 434.91322pt x 188.26399pt.
1: section
[89



 <./imagenes/Apendices/Arquitectura.png>])
Overfull \hbox (7.53403pt too wide) in paragraph at lines 31--249
\T1/phv/m/n/10.95 detección propuesto: el pre-procesamiento y la detección de a
nomalías, como se puede observar
 []

[90 <./imagenes/Apendices/arquitectura_logica.png>]
Package atveryend Info: Empty hook `BeforeClearDocument' on input line 252.
Package atveryend Info: Empty hook `AfterLastShipout' on input line 252.
 (./main.aux
(./capitulos/capitulo1.aux) (./capitulos/capitulo2.aux)
(./capitulos/capitulo4.aux) (./capitulos/capitulo3.aux)
(./capitulos/capitulo5.aux) (./capitulos/capitulo6.aux)
(./capitulos/capitulo7.aux) (./apendices/apendiceA.aux)
(./apendices/apendiceB.aux))
Package atveryend Info: Executing hook `AtVeryEndDocument' on input line 252.
Package atveryend Info: Executing hook `AtEndAfterFileList' on input line 252.


Package rerunfilecheck Warning: File `main.out' has changed.
(rerunfilecheck)                Rerun to get outlines right
(rerunfilecheck)                or use package `bookmark'.

Package rerunfilecheck Info: Checksums for `main.out':
(rerunfilecheck)             Before: 28699EC4D6C0A1A487A7FA133E1134F6;20125
(rerunfilecheck)             After:  860F04445C23861E159A4E8B199B6189;19903.

LaTeX Warning: There were multiply-defined labels.

 ) 
Here is how much of TeX's memory you used:
 31366 strings out of 494443
 627602 string characters out of 6174713
 698008 words of memory out of 5000000
 34132 multiletter control sequences out of 15000+600000
 647875 words of font info for 165 fonts, out of 8000000 for 9000
 81 hyphenation exceptions out of 8191
 52i,21n,80p,1331b,838s stack positions out of 5000i,500n,10000p,200000b,80000s
 </home/lin777/.texlive2018/texmf-var/fonts/pk/ljfour/jknappen/ec/ectt1095.60
0pk>{/usr/share/texlive/texmf-dist/fonts/enc/dvips/base/8r.enc}</usr/share/texl
ive/texmf-dist/fonts/type1/public/amsfonts/cm/cmex10.pfb></usr/share/texlive/te
xmf-dist/fonts/type1/public/amsfonts/cm/cmmi10.pfb></usr/share/texlive/texmf-di
st/fonts/type1/public/amsfonts/cm/cmr10.pfb></usr/share/texlive/texmf-dist/font
s/type1/public/amsfonts/cm/cmsy10.pfb></usr/share/texlive/texmf-dist/fonts/type
1/public/mathpazo/fplmr.pfb></usr/share/texlive/texmf-dist/fonts/type1/public/m
athpazo/fplmri.pfb></usr/share/texlive/texmf-dist/fonts/type1/urw/helvetic/uhvb
8a.pfb></usr/share/texlive/texmf-dist/fonts/type1/urw/helvetic/uhvbo8a.pfb></us
r/share/texlive/texmf-dist/fonts/type1/urw/helvetic/uhvr8a.pfb></usr/share/texl
ive/texmf-dist/fonts/type1/urw/helvetic/uhvro8a.pfb></usr/share/texlive/texmf-d
ist/fonts/type1/urw/palatino/uplr8a.pfb></usr/share/texlive/texmf-dist/fonts/ty
pe1/urw/palatino/uplri8a.pfb>
Output written on main.pdf (106 pages, 5180537 bytes).
PDF statistics:
 1984 PDF objects out of 2073 (max. 8388607)
 1644 compressed objects within 17 object streams
 417 named destinations out of 1000 (max. 500000)
 1197 words of extra memory for PDF output out of 10000 (max. 10000000)

