\BOOKMARK [0][-]{section*.1}{\376\377\000A\000g\000r\000a\000d\000e\000c\000i\000m\000i\000e\000n\000t\000o\000s}{}% 1
\BOOKMARK [0][-]{section*.6}{\376\377\000R\000e\000s\000u\000m\000e\000n}{}% 2
\BOOKMARK [0][-]{chapter.7}{\376\377\000I\000n\000t\000r\000o\000d\000u\000c\000c\000i\000\363\000n}{}% 3
\BOOKMARK [1][-]{section.8}{\376\377\000P\000l\000a\000n\000t\000e\000a\000m\000i\000e\000n\000t\000o\000\040\000d\000e\000l\000\040\000p\000r\000o\000b\000l\000e\000m\000a}{chapter.7}% 4
\BOOKMARK [1][-]{section.11}{\376\377\000O\000b\000j\000e\000t\000i\000v\000o\000\040\000g\000e\000n\000e\000r\000a\000l}{chapter.7}% 5
\BOOKMARK [1][-]{section.12}{\376\377\000O\000b\000j\000e\000t\000i\000v\000o\000s\000\040\000e\000s\000p\000e\000c\000\355\000f\000i\000c\000o\000s}{chapter.7}% 6
\BOOKMARK [1][-]{section.13}{\376\377\000J\000u\000s\000t\000i\000f\000i\000c\000a\000c\000i\000\363\000n}{chapter.7}% 7
\BOOKMARK [2][-]{subsection.14}{\376\377\000J\000u\000s\000t\000i\000f\000i\000c\000a\000c\000i\000\363\000n\000\040\000p\000r\000\341\000c\000t\000i\000c\000a}{section.13}% 8
\BOOKMARK [2][-]{subsection.15}{\376\377\000J\000u\000s\000t\000i\000f\000i\000c\000a\000c\000i\000\363\000n\000\040\000m\000e\000t\000o\000d\000o\000l\000\363\000g\000i\000c\000a}{section.13}% 9
\BOOKMARK [1][-]{section.16}{\376\377\000L\000\355\000m\000i\000t\000e\000s\000\040\000y\000\040\000a\000l\000c\000a\000n\000c\000e\000s}{chapter.7}% 10
\BOOKMARK [1][-]{section.17}{\376\377\000M\000\351\000t\000o\000d\000o\000\040\000d\000e\000\040\000i\000n\000v\000e\000s\000t\000i\000g\000a\000c\000i\000\363\000n}{chapter.7}% 11
\BOOKMARK [0][-]{chapter.18}{\376\377\000F\000u\000n\000d\000a\000m\000e\000n\000t\000o\000s\000\040\000d\000e\000\040\000l\000a\000\040\000d\000e\000t\000e\000c\000c\000i\000\363\000n\000\040\000d\000e\000\040\000a\000n\000o\000m\000a\000l\000\355\000a\000s}{}% 12
\BOOKMARK [1][-]{section.19}{\376\377\000D\000e\000t\000e\000c\000c\000i\000\363\000n\000\040\000d\000e\000\040\000n\000o\000m\000a\000l\000\355\000a\000s}{chapter.18}% 13
\BOOKMARK [1][-]{section.26}{\376\377\000D\000e\000s\000a\000f\000\355\000o\000s\000\040\000e\000n\000\040\000l\000a\000\040\000d\000e\000t\000e\000c\000c\000i\000\363\000n\000\040\000d\000e\000\040\000a\000n\000o\000m\000a\000l\000\355\000a\000s}{chapter.18}% 14
\BOOKMARK [2][-]{subsection.27}{\376\377\000E\000n\000f\000o\000q\000u\000e\000s\000\040\000d\000e\000\040\000d\000e\000t\000e\000c\000c\000i\000\363\000n\000\040\000d\000e\000\040\000a\000n\000o\000m\000a\000l\000\355\000a\000s}{section.26}% 15
\BOOKMARK [3][-]{section*.28}{\376\377\000D\000e\000t\000e\000c\000c\000i\000\363\000n\000\040\000d\000e\000\040\000a\000n\000o\000m\000a\000l\000\355\000a\000s\000\040\000s\000u\000p\000e\000r\000v\000i\000s\000a\000d\000a}{subsection.27}% 16
\BOOKMARK [3][-]{section*.29}{\376\377\000D\000e\000t\000e\000c\000c\000i\000\363\000n\000\040\000d\000e\000\040\000a\000n\000o\000m\000a\000l\000\355\000a\000s\000\040\000s\000e\000m\000i\000-\000s\000u\000p\000e\000r\000v\000i\000s\000a\000d\000a}{subsection.27}% 17
\BOOKMARK [3][-]{section*.30}{\376\377\000D\000e\000t\000e\000c\000c\000i\000\363\000n\000\040\000d\000e\000\040\000a\000n\000o\000m\000a\000l\000\355\000a\000s\000\040\000n\000o\000\040\000s\000u\000p\000e\000r\000v\000i\000s\000a\000d\000a}{subsection.27}% 18
\BOOKMARK [1][-]{section.31}{\376\377\000T\000r\000a\000b\000a\000j\000o\000\040\000r\000e\000l\000a\000c\000i\000o\000n\000a\000d\000o}{chapter.18}% 19
\BOOKMARK [1][-]{section.32}{\376\377\000E\000n\000f\000o\000q\000u\000e\000\040\000s\000o\000b\000r\000e\000\040\000e\000l\000\040\000p\000r\000o\000b\000l\000e\000m\000a}{chapter.18}% 20
\BOOKMARK [1][-]{section.34}{\376\377\000R\000e\000s\000u\000m\000e\000n\000\040\000d\000e\000l\000\040\000c\000a\000p\000\355\000t\000u\000l\000o}{chapter.18}% 21
\BOOKMARK [0][-]{chapter.35}{\376\377\000C\000a\000p\000t\000u\000r\000a\000\040\000y\000\040\000p\000r\000e\000p\000a\000r\000a\000c\000i\000\363\000n\000\040\000d\000e\000\040\000d\000a\000t\000o\000s}{}% 22
\BOOKMARK [1][-]{section.36}{\376\377\000C\000a\000p\000t\000u\000r\000a\000\040\000d\000e\000\040\000d\000a\000t\000o\000s}{chapter.35}% 23
\BOOKMARK [1][-]{section.40}{\376\377\000P\000r\000e\000p\000a\000r\000a\000c\000i\000\363\000n\000\040\000d\000e\000\040\000d\000a\000t\000o\000s}{chapter.35}% 24
\BOOKMARK [2][-]{subsection.41}{\376\377\000S\000e\000l\000e\000c\000c\000i\000\363\000n\000\040\000d\000e\000\040\000d\000a\000t\000o\000s}{section.40}% 25
\BOOKMARK [1][-]{section.43}{\376\377\000P\000r\000e\000-\000p\000r\000o\000c\000e\000s\000a\000m\000i\000e\000n\000t\000o\000\040\000d\000e\000\040\000d\000a\000t\000o\000s}{chapter.35}% 26
\BOOKMARK [2][-]{subsection.44}{\376\377\000L\000i\000m\000p\000i\000e\000z\000a\000\040\000d\000e\000\040\000d\000a\000t\000o\000s}{section.43}% 27
\BOOKMARK [3][-]{section*.45}{\376\377\000M\000a\000n\000e\000j\000o\000\040\000d\000e\000\040\000v\000a\000l\000o\000r\000e\000s\000\040\000a\000u\000s\000e\000n\000t\000e\000s}{subsection.44}% 28
\BOOKMARK [3][-]{section*.46}{\376\377\000E\000l\000i\000m\000i\000n\000a\000r\000\040\000r\000u\000d\000i\000o\000\040\000\050\000s\000u\000a\000v\000i\000z\000a\000d\000o\000\051\000\040\000d\000e\000\040\000l\000o\000s\000\040\000d\000a\000t\000o\000s}{subsection.44}% 29
\BOOKMARK [3][-]{section*.51}{\376\377\000F\000u\000s\000i\000\363\000n\000\040\000o\000\040\000i\000n\000t\000e\000g\000r\000a\000c\000i\000\363\000n\000\040\000d\000e\000\040\000d\000a\000t\000o\000s}{subsection.44}% 30
\BOOKMARK [3][-]{section*.52}{\376\377\000T\000r\000a\000n\000s\000f\000o\000r\000m\000a\000c\000i\000\363\000n\000\040\000d\000e\000\040\000d\000a\000t\000o\000s}{subsection.44}% 31
\BOOKMARK [3][-]{section*.55}{\376\377\000R\000e\000d\000u\000c\000c\000i\000\363\000n\000\040\000d\000e\000\040\000d\000a\000t\000o\000s}{subsection.44}% 32
\BOOKMARK [1][-]{section.74}{\376\377\000R\000e\000s\000u\000m\000e\000n\000\040\000d\000e\000l\000\040\000c\000a\000p\000\355\000t\000u\000l\000o}{chapter.35}% 33
\BOOKMARK [0][-]{chapter.75}{\376\377\000A\000p\000r\000e\000n\000d\000i\000z\000a\000j\000e\000\040\000A\000u\000t\000o\000m\000\341\000t\000i\000c\000o\000\040\000p\000a\000r\000a\000\040\000l\000a\000\040\000d\000e\000t\000e\000c\000c\000i\000\363\000n\000\040\000d\000e\000\040\000a\000n\000o\000m\000a\000l\000\355\000a\000s}{}% 34
\BOOKMARK [1][-]{section.76}{\376\377\000A\000p\000r\000e\000n\000d\000i\000z\000a\000j\000e\000\040\000S\000u\000p\000e\000r\000v\000i\000s\000a\000d\000o\000,\000\040\000A\000p\000r\000e\000n\000d\000i\000z\000a\000j\000e\000\040\000n\000o\000\040\000S\000u\000p\000e\000r\000v\000i\000s\000a\000d\000o\000\040\000y\000\040\000A\000p\000r\000e\000n\000d\000i\000z\000a\000j\000e\000\040\000S\000e\000m\000i\000-\000s\000u\000p\000e\000r\000v\000i\000s\000a\000d\000o}{chapter.75}% 35
\BOOKMARK [2][-]{subsection.77}{\376\377\000A\000p\000r\000e\000n\000d\000i\000z\000a\000j\000e\000\040\000S\000u\000p\000e\000r\000v\000i\000s\000a\000d\000o}{section.76}% 36
\BOOKMARK [2][-]{subsection.79}{\376\377\000A\000p\000r\000e\000n\000d\000i\000z\000a\000j\000e\000\040\000n\000o\000\040\000S\000u\000p\000e\000r\000v\000i\000s\000a\000d\000o}{section.76}% 37
\BOOKMARK [2][-]{subsection.80}{\376\377\000A\000p\000r\000e\000n\000d\000i\000z\000a\000j\000e\000\040\000S\000e\000m\000i\000-\000S\000u\000p\000e\000r\000v\000i\000s\000a\000d\000o}{section.76}% 38
\BOOKMARK [1][-]{section.81}{\376\377\000M\000o\000d\000e\000l\000o\000s\000\040\000G\000e\000n\000e\000r\000a\000t\000i\000v\000o\000s\000\040\000y\000\040\000D\000e\000s\000c\000r\000i\000p\000t\000i\000v\000o\000s}{chapter.75}% 39
\BOOKMARK [1][-]{section.82}{\376\377\000R\000e\000d\000e\000s\000\040\000N\000e\000u\000r\000o\000n\000a\000l\000e\000s\000\040\000A\000r\000t\000i\000f\000i\000c\000i\000a\000l\000e\000s}{chapter.75}% 40
\BOOKMARK [2][-]{subsection.84}{\376\377\000N\000e\000u\000r\000o\000n\000a\000s\000\040\000o\000\040\000n\000o\000d\000o\000s}{section.82}% 41
\BOOKMARK [2][-]{subsection.88}{\376\377\000T\000i\000p\000o\000s\000\040\000d\000e\000\040\000f\000u\000n\000c\000i\000o\000n\000e\000s\000\040\000d\000e\000\040\000a\000c\000t\000i\000v\000a\000c\000i\000\363\000n}{section.82}% 42
\BOOKMARK [3][-]{section*.90}{\376\377\000F\000u\000n\000c\000i\000\363\000n\000\040\000d\000e\000\040\000a\000c\000t\000i\000v\000a\000c\000i\000\363\000n\000\040\000s\000i\000g\000m\000o\000i\000d\000e\000\040\000\050\000f\000u\000n\000c\000i\000\363\000n\000\040\000l\000o\000g\000\355\000s\000t\000i\000c\000a\000\051}{subsection.88}% 43
\BOOKMARK [3][-]{section*.92}{\376\377\000F\000u\000n\000c\000i\000\363\000n\000\040\000d\000e\000\040\000t\000a\000n\000g\000e\000n\000t\000e\000\040\000h\000i\000p\000e\000r\000b\000\363\000l\000i\000c\000a\000\040\000-\000\040\000t\000a\000n\000h}{subsection.88}% 44
\BOOKMARK [3][-]{section*.94}{\376\377\000F\000u\000n\000c\000i\000\363\000n\000\040\000d\000e\000\040\000u\000n\000i\000d\000a\000d\000\040\000l\000i\000n\000e\000a\000l\000\040\000r\000e\000c\000t\000i\000f\000i\000c\000a\000d\000a\000\040\000\050\000R\000e\000c\000t\000i\000f\000i\000e\000d\000\040\000L\000i\000n\000e\000a\000r\000\040\000U\000n\000i\000t\000\040\000-\000\040\000R\000e\000L\000U\000\051}{subsection.88}% 45
\BOOKMARK [3][-]{section*.96}{\376\377\000L\000e\000a\000k\000y\000\040\000R\000e\000L\000U\000\040\000\050\000L\000R\000e\000L\000U\000\051}{subsection.88}% 46
\BOOKMARK [3][-]{section*.98}{\376\377\000F\000u\000n\000c\000i\000\363\000n\000\040\000d\000e\000\040\000U\000n\000i\000d\000a\000d\000\040\000L\000i\000n\000e\000a\000l\000\040\000E\000x\000p\000o\000n\000e\000n\000c\000i\000a\000l\000\040\000\050\000E\000L\000U\000\051}{subsection.88}% 47
\BOOKMARK [2][-]{subsection.101}{\376\377\000A\000r\000q\000u\000i\000t\000e\000c\000t\000u\000r\000a\000\040\000d\000e\000\040\000l\000a\000s\000\040\000R\000e\000d\000e\000s\000\040\000N\000e\000u\000r\000o\000n\000a\000l\000e\000s}{section.82}% 48
\BOOKMARK [2][-]{subsection.103}{\376\377\000P\000r\000o\000c\000e\000s\000o\000\040\000d\000e\000\040\000a\000p\000r\000e\000n\000d\000i\000z\000a\000j\000e\000\040\000d\000e\000\040\000l\000a\000s\000\040\000R\000e\000d\000e\000s\000\040\000N\000e\000u\000r\000o\000n\000a\000l\000e\000s}{section.82}% 49
\BOOKMARK [3][-]{section*.104}{\376\377\000B\000a\000c\000k\000p\000r\000o\000p\000a\000g\000a\000t\000i\000o\000n}{subsection.103}% 50
\BOOKMARK [1][-]{section.105}{\376\377\000T\000i\000p\000o\000s\000\040\000d\000e\000\040\000R\000e\000d\000e\000s\000\040\000N\000e\000u\000r\000o\000n\000a\000l\000e\000s}{chapter.75}% 51
\BOOKMARK [2][-]{subsection.106}{\376\377\000A\000u\000t\000o\000e\000n\000c\000o\000d\000e\000r\000s}{section.105}% 52
\BOOKMARK [2][-]{subsection.108}{\376\377\000R\000e\000d\000e\000s\000\040\000n\000e\000u\000r\000o\000n\000a\000l\000e\000s\000\040\000c\000o\000n\000v\000o\000l\000u\000c\000i\000o\000n\000a\000l\000e\000s}{section.105}% 53
\BOOKMARK [2][-]{subsection.111}{\376\377\000R\000e\000d\000e\000s\000\040\000n\000e\000u\000r\000o\000n\000a\000l\000e\000s\000\040\000r\000e\000c\000u\000r\000r\000e\000n\000t\000e\000s}{section.105}% 54
\BOOKMARK [2][-]{subsection.115}{\376\377\000L\000S\000T\000M}{section.105}% 55
\BOOKMARK [2][-]{subsection.118}{\376\377\000G\000R\000U}{section.105}% 56
\BOOKMARK [1][-]{section.121}{\376\377\000T\000\351\000c\000n\000i\000c\000a\000s\000\040\000d\000e\000\040\000d\000e\000t\000e\000c\000c\000i\000\363\000n\000\040\000d\000e\000\040\000a\000n\000o\000m\000a\000l\000\355\000a\000s}{chapter.75}% 57
\BOOKMARK [2][-]{subsection.122}{\376\377\000O\000n\000e\000-\000C\000l\000a\000s\000s\000\040\000S\000V\000M}{section.121}% 58
\BOOKMARK [2][-]{subsection.125}{\376\377\000A\000u\000t\000o\000e\000n\000c\000o\000d\000e\000r\000s}{section.121}% 59
\BOOKMARK [2][-]{subsection.128}{\376\377\000I\000s\000o\000l\000a\000t\000i\000o\000n\000\040\000F\000o\000r\000e\000s\000t}{section.121}% 60
\BOOKMARK [1][-]{section.130}{\376\377\000M\000\351\000t\000r\000i\000c\000a\000s\000\040\000d\000e\000\040\000e\000v\000a\000l\000u\000a\000c\000i\000\363\000n}{chapter.75}% 61
\BOOKMARK [2][-]{subsection.131}{\376\377\000P\000r\000e\000c\000i\000s\000i\000\363\000n\000\040\000d\000e\000\040\000c\000l\000a\000s\000i\000f\000i\000c\000a\000c\000i\000\363\000n\000\040\000\050\000a\000c\000c\000u\000r\000a\000c\000y\000\051}{section.130}% 62
\BOOKMARK [2][-]{subsection.133}{\376\377\000P\000\351\000r\000d\000i\000d\000a\000\040\000l\000o\000g\000a\000r\000\355\000t\000m\000i\000c\000a\000\040\000\050\000L\000o\000g\000a\000r\000i\000t\000h\000m\000i\000c\000\040\000L\000o\000s\000s\000\051}{section.130}% 63
\BOOKMARK [2][-]{subsection.135}{\376\377\000M\000a\000t\000r\000i\000z\000\040\000d\000e\000\040\000c\000o\000n\000f\000u\000s\000i\000\363\000n}{section.130}% 64
\BOOKMARK [2][-]{subsection.138}{\376\377\000\301\000r\000e\000a\000\040\000b\000a\000j\000o\000\040\000l\000a\000\040\000c\000u\000r\000v\000a\000\040\000\050\000A\000U\000C\000\051}{section.130}% 65
\BOOKMARK [3][-]{section*.140}{\376\377\000T\000a\000s\000a\000\040\000d\000e\000\040\000V\000e\000r\000d\000a\000d\000e\000r\000o\000s\000\040\000P\000o\000s\000i\000t\000i\000v\000o\000s\000\040\000\050\000T\000P\000R\000\051}{subsection.138}% 66
\BOOKMARK [3][-]{section*.143}{\376\377\000T\000a\000s\000a\000\040\000d\000e\000\040\000F\000a\000l\000s\000o\000s\000\040\000P\000o\000s\000i\000t\000i\000v\000o\000s\000\040\000\050\000F\000P\000R\000\051\000\040}{subsection.138}% 67
\BOOKMARK [3][-]{section*.146}{\376\377\000R\000O\000C\000\040\000\050\000R\000e\000c\000e\000i\000v\000e\000r\000\040\000O\000p\000e\000r\000a\000t\000i\000n\000g\000\040\000C\000h\000a\000r\000a\000c\000t\000e\000r\000i\000s\000t\000i\000c\000s\000\051}{subsection.138}% 68
\BOOKMARK [2][-]{subsection.148}{\376\377\000F\0001\000\040\000S\000c\000o\000r\000e}{section.130}% 69
\BOOKMARK [3][-]{section*.149}{\376\377\000P\000r\000e\000c\000i\000s\000i\000\363\000n\000\040\000\050\000P\000r\000e\000c\000i\000s\000i\000o\000n\000\051}{subsection.148}% 70
\BOOKMARK [3][-]{section*.151}{\376\377\000R\000e\000c\000u\000p\000e\000r\000a\000c\000i\000\363\000n\000\040\000\050\000R\000e\000c\000a\000l\000l\000\051}{subsection.148}% 71
\BOOKMARK [1][-]{section.154}{\376\377\000R\000e\000s\000u\000m\000e\000n\000\040\000d\000e\000l\000\040\000c\000a\000p\000\355\000t\000u\000l\000o}{chapter.75}% 72
\BOOKMARK [0][-]{chapter.155}{\376\377\000G\000e\000n\000e\000r\000a\000c\000i\000\363\000n\000\040\000d\000e\000l\000\040\000m\000o\000d\000e\000l\000o\000\040\000d\000e\000\040\000d\000e\000t\000e\000c\000c\000i\000\363\000n\000\040\000d\000e\000\040\000a\000n\000o\000m\000a\000l\000\355\000a\000s\000\040\000d\000e\000\040\000c\000o\000n\000d\000u\000c\000c\000i\000\363\000n}{}% 73
\BOOKMARK [1][-]{section.156}{\376\377\000C\000o\000n\000j\000u\000n\000t\000o\000\040\000d\000e\000\040\000d\000a\000t\000o\000s\000\040\000n\000o\000r\000m\000a\000l\000e\000s\000\040\000y\000\040\000a\000n\000\363\000m\000a\000l\000o\000s}{chapter.155}% 74
\BOOKMARK [2][-]{subsection.158}{\376\377\000G\000e\000n\000e\000r\000a\000c\000i\000\363\000n\000\040\000d\000e\000\040\000s\000e\000r\000i\000e\000s\000\040\000t\000e\000m\000p\000o\000r\000a\000l\000e\000s}{section.156}% 75
\BOOKMARK [1][-]{section.160}{\376\377\000M\000o\000d\000e\000l\000o\000\040\000d\000e\000\040\000d\000e\000t\000e\000c\000c\000i\000\363\000n\000\040\000d\000e\000\040\000a\000n\000o\000m\000a\000l\000\355\000a\000s}{chapter.155}% 76
\BOOKMARK [2][-]{subsection.162}{\376\377\000M\000o\000d\000e\000l\000o\000\040\000d\000e\000l\000\040\000c\000o\000m\000p\000o\000r\000t\000a\000m\000i\000e\000n\000t\000o\000\040\000n\000o\000r\000m\000a\000l}{section.160}% 77
\BOOKMARK [3][-]{section*.163}{\376\377\000A\000r\000q\000u\000i\000t\000e\000c\000t\000u\000r\000a\000\040\000d\000e\000l\000\040\000m\000o\000d\000e\000l\000o}{subsection.162}% 78
\BOOKMARK [2][-]{subsection.169}{\376\377\000M\000\351\000t\000o\000d\000o\000\040\000d\000e\000\040\000d\000e\000t\000e\000c\000c\000i\000\363\000n\000\040\000d\000e\000\040\000a\000n\000o\000m\000a\000l\000\355\000a\000s}{section.160}% 79
\BOOKMARK [3][-]{section*.170}{\376\377\000U\000m\000b\000r\000a\000l\000i\000z\000a\000c\000i\000\363\000n}{subsection.169}% 80
\BOOKMARK [1][-]{section.171}{\376\377\000E\000v\000a\000l\000u\000a\000c\000i\000\363\000n\000\040\000d\000e\000l\000\040\000m\000o\000d\000e\000l\000o\000\040\000d\000e\000\040\000d\000e\000t\000e\000c\000c\000i\000\363\000n\000\040\000d\000e\000\040\000a\000n\000o\000m\000a\000l\000\355\000a\000s}{chapter.155}% 81
\BOOKMARK [0][-]{chapter.172}{\376\377\000C\000o\000n\000c\000l\000u\000s\000i\000o\000n\000e\000s\000\040\000y\000\040\000t\000r\000a\000b\000a\000j\000o\000s\000\040\000f\000u\000t\000u\000r\000o\000s}{}% 82
\BOOKMARK [1][-]{section.173}{\376\377\000C\000o\000n\000c\000l\000u\000s\000i\000o\000n\000e\000s}{chapter.172}% 83
\BOOKMARK [1][-]{section.174}{\376\377\000L\000i\000m\000i\000t\000a\000c\000i\000o\000n\000e\000s\000\040\000y\000\040\000r\000e\000c\000o\000m\000e\000n\000d\000a\000c\000i\000o\000n\000e\000s}{chapter.172}% 84
\BOOKMARK [0][-]{appendix.175}{\376\377\000E\000x\000p\000e\000r\000i\000m\000e\000n\000t\000o\000s\000\040\000d\000e\000\040\000d\000i\000f\000e\000r\000e\000n\000t\000e\000s\000\040\000a\000r\000q\000u\000i\000t\000e\000c\000t\000u\000r\000a\000s\000\040\000p\000a\000r\000a\000\040\000l\000o\000s\000\040\000a\000u\000t\000o\000e\000n\000c\000o\000d\000e\000r\000s}{}% 85
\BOOKMARK [1][-]{section.176}{\376\377\000R\000e\000d\000e\000s\000\040\000d\000e\000n\000s\000a\000s}{appendix.175}% 86
\BOOKMARK [2][-]{subsection.177}{\376\377\000R\000e\000d\000e\000s\000\040\000d\000e\000n\000s\000a\000s\000\040\000p\000a\000r\000a\000\040\0003\000\040\000c\000o\000m\000p\000o\000n\000e\000n\000t\000e\000s}{section.176}% 87
\BOOKMARK [2][-]{subsection.179}{\376\377\000R\000e\000d\000e\000s\000\040\000d\000e\000n\000s\000a\000s\000\040\000p\000a\000r\000a\000\040\0004\000\040\000c\000o\000m\000p\000o\000n\000e\000n\000t\000e\000s}{section.176}% 88
\BOOKMARK [1][-]{section.181}{\376\377\000R\000e\000d\000e\000s\000\040\000c\000o\000n\000v\000o\000l\000u\000c\000i\000o\000n\000a\000l\000e\000s}{appendix.175}% 89
\BOOKMARK [2][-]{subsection.182}{\376\377\000R\000e\000d\000e\000s\000\040\000c\000o\000n\000v\000o\000l\000u\000c\000i\000o\000n\000a\000l\000e\000s\000\040\000p\000a\000r\000a\000\040\0003\000\040\000c\000o\000m\000p\000o\000n\000e\000n\000t\000e\000s}{section.181}% 90
\BOOKMARK [2][-]{subsection.184}{\376\377\000R\000e\000d\000e\000s\000\040\000c\000o\000n\000v\000o\000l\000u\000c\000i\000o\000n\000a\000l\000e\000s\000\040\000p\000a\000r\000a\000\040\0004\000\040\000c\000o\000m\000p\000o\000n\000e\000n\000t\000e\000s}{section.181}% 91
\BOOKMARK [1][-]{section.186}{\376\377\000R\000e\000d\000e\000s\000\040\000r\000e\000c\000u\000r\000r\000e\000n\000t\000e\000s}{appendix.175}% 92
\BOOKMARK [2][-]{subsection.187}{\376\377\000R\000e\000d\000e\000s\000\040\000r\000e\000c\000u\000r\000r\000e\000n\000t\000e\000s\000\040\000p\000a\000r\000a\000\040\0003\000\040\000c\000o\000m\000p\000o\000n\000e\000n\000t\000e\000s}{section.186}% 93
\BOOKMARK [2][-]{subsection.189}{\376\377\000R\000e\000d\000e\000s\000\040\000r\000e\000c\000u\000r\000r\000e\000n\000t\000e\000s\000\040\000p\000a\000r\000a\000\040\0004\000\040\000c\000o\000m\000p\000o\000n\000e\000n\000t\000e\000s}{section.186}% 94
